1970-01-01 08:44:15,611 INFO  PULSE IS COMING:
1970-01-01 08:44:25,622 INFO  CHECK I2C STATUS:
1970-01-01 08:44:25,623 INFO     Took 0.0 seconds
1970-01-01 08:44:27,625 INFO  WRITE I2C DEFAULTS:
1970-01-01 08:44:53,298 INFO     Took 25.67 seconds
1970-01-01 08:45:15,323 INFO  PULSE IS COMING:
1970-01-01 08:45:25,334 INFO  CHECK I2C STATUS:
1970-01-01 08:45:31,962 INFO  RW Matches
1970-01-01 08:45:37,344 INFO  RO Matches
1970-01-01 08:45:37,345 INFO     Took 12.01 seconds
1970-01-01 08:45:39,353 INFO  WRITE I2C DEFAULTS:
1970-01-01 08:46:04,986 INFO     Took 25.63 seconds
1970-01-01 08:46:26,009 INFO  CHECK I2C STATUS:
1970-01-01 08:46:32,604 INFO  RW Matches
1970-01-01 08:46:38,014 INFO  RO Matches
1970-01-01 08:46:38,016 INFO     Took 12.01 seconds
1970-01-01 08:46:40,024 INFO  WRITE I2C DEFAULTS:
1970-01-01 08:47:05,656 INFO     Took 25.63 seconds
1970-01-01 08:47:15,668 INFO  PULSE IS COMING:
1970-01-01 08:47:25,679 INFO  CHECK I2C STATUS:
1970-01-01 08:47:32,272 INFO  RW Matches
1970-01-01 08:47:37,709 INFO  RO Matches
1970-01-01 08:47:37,710 INFO     Took 12.03 seconds
1970-01-01 08:47:39,718 INFO  WRITE I2C DEFAULTS:
1970-01-01 08:48:05,382 INFO     Took 25.66 seconds
1970-01-01 08:48:15,393 INFO  PULSE IS COMING:
1970-01-01 08:48:25,405 INFO  CHECK I2C STATUS:
1970-01-01 08:48:32,018 INFO  RW Matches
1970-01-01 08:48:37,398 INFO  RO Matches
1970-01-01 08:48:37,399 INFO     Took 11.99 seconds
1970-01-01 08:48:39,402 INFO  WRITE I2C DEFAULTS:
1970-01-01 08:49:05,128 INFO     Took 25.73 seconds
1970-01-01 08:49:15,140 INFO  PULSE IS COMING:
1970-01-01 08:49:25,152 INFO  CHECK I2C STATUS:
1970-01-01 08:49:31,757 INFO  RW Matches
1970-01-01 08:49:37,151 INFO  RO Matches
1970-01-01 08:49:37,153 INFO     Took 12.0 seconds
1970-01-01 08:49:39,160 INFO  WRITE I2C DEFAULTS:
1970-01-01 08:50:04,806 INFO     Took 25.65 seconds
1970-01-01 08:50:15,820 INFO  PULSE IS COMING:
1970-01-01 08:50:25,832 INFO  CHECK I2C STATUS:
1970-01-01 08:50:32,460 INFO  RW Matches
1970-01-01 08:50:37,851 INFO  RO Matches
1970-01-01 08:50:37,852 INFO     Took 12.02 seconds
1970-01-01 08:50:39,855 INFO  WRITE I2C DEFAULTS:
1970-01-01 08:51:05,546 INFO     Took 25.69 seconds
1970-01-01 08:51:15,557 INFO  PULSE IS COMING:
1970-01-01 08:51:25,568 INFO  CHECK I2C STATUS:
1970-01-01 08:51:32,163 INFO  RW Matches
1970-01-01 08:51:37,600 INFO  RO Matches
1970-01-01 08:51:37,601 INFO     Took 12.03 seconds
1970-01-01 08:51:39,609 INFO  WRITE I2C DEFAULTS:
