1970-01-01 08:35:15,544 INFO  PULSE IS COMING:
1970-01-01 08:35:25,555 INFO  CHECK I2C STATUS:
1970-01-01 08:35:25,556 INFO     Took 0.0 seconds
1970-01-01 08:35:27,559 INFO  WRITE I2C DEFAULTS:
1970-01-01 08:38:15,675 INFO  PULSE IS COMING:
1970-01-01 08:38:25,686 INFO  CHECK I2C STATUS:
1970-01-01 08:38:25,687 INFO     Took 0.0 seconds
1970-01-01 08:38:27,690 INFO  WRITE I2C DEFAULTS:
1970-01-01 08:38:53,497 INFO     Took 25.81 seconds
1970-01-01 08:39:15,520 INFO  PULSE IS COMING:
1970-01-01 08:39:25,532 INFO  CHECK I2C STATUS:
1970-01-01 08:39:32,164 INFO  RW Matches
1970-01-01 08:39:37,565 INFO  RO Matches
1970-01-01 08:39:37,567 INFO     Took 12.04 seconds
1970-01-01 08:39:39,574 INFO  WRITE I2C DEFAULTS:
1970-01-01 08:40:05,308 INFO     Took 25.73 seconds
1970-01-01 08:40:15,320 INFO  PULSE IS COMING:
1970-01-01 08:40:25,331 INFO  CHECK I2C STATUS:
1970-01-01 08:40:31,933 INFO  RW Matches
1970-01-01 08:40:37,361 INFO  RO Matches
1970-01-01 08:40:37,363 INFO     Took 12.03 seconds
1970-01-01 08:40:39,370 INFO  WRITE I2C DEFAULTS:
1970-01-01 08:41:05,119 INFO     Took 25.75 seconds
1970-01-01 08:41:15,131 INFO  PULSE IS COMING:
1970-01-01 08:41:25,143 INFO  CHECK I2C STATUS:
1970-01-01 08:41:31,747 INFO  RW Matches
1970-01-01 08:41:37,171 INFO  RO Matches
1970-01-01 08:41:37,173 INFO     Took 12.03 seconds
1970-01-01 08:41:39,181 INFO  WRITE I2C DEFAULTS:
1970-01-01 08:42:04,961 INFO     Took 25.78 seconds
1970-01-01 08:42:25,983 INFO  CHECK I2C STATUS:
1970-01-01 08:42:32,591 INFO  RW Matches
1970-01-01 08:42:37,993 INFO  RO Matches
1970-01-01 08:42:37,994 INFO     Took 12.01 seconds
1970-01-01 08:42:40,002 INFO  WRITE I2C DEFAULTS:
1970-01-01 08:43:05,738 INFO     Took 25.74 seconds
1970-01-01 08:43:15,749 INFO  PULSE IS COMING:
1970-01-01 08:43:25,760 INFO  CHECK I2C STATUS:
1970-01-01 08:43:32,395 INFO  RW Matches
1970-01-01 08:43:37,800 INFO  RO Matches
1970-01-01 08:43:37,801 INFO     Took 12.04 seconds
