#Agilent Technologies,E3648A,0,1.7-5.0-1.0
#LIMITS: 12.0, 1.2 CURRENTS: 1.0, 0.6
14-Dec-2021 15:27:49,12.01285,0.5164511,1.208282,0.371299
14-Dec-2021 15:28:04,12.01373,0.5160558,1.20896,0.3715616
14-Dec-2021 15:28:20,12.0128,0.5152106,1.208257,0.3712783
14-Dec-2021 15:28:36,12.01295,0.5177801,1.208358,0.3713198
14-Dec-2021 15:28:51,12.01267,0.5155923,1.208408,0.3713198
14-Dec-2021 15:29:07,12.01277,0.5154628,1.208333,0.3713129
14-Dec-2021 15:29:23,12.0125,0.5156196,1.208282,0.3713198
14-Dec-2021 15:29:39,12.01292,0.5147949,1.208333,0.3713267
14-Dec-2021 15:29:54,12.01332,0.5150948,1.208408,0.3713198
14-Dec-2021 15:30:10,12.01305,0.5173371,1.208383,0.3713267
14-Dec-2021 15:30:26,12.0126,0.5171327,1.208483,0.3713405
14-Dec-2021 15:30:41,12.0129,0.5404417,1.208383,0.3712437
14-Dec-2021 15:30:57,12.01297,0.5168601,1.208308,0.3713267
14-Dec-2021 15:31:13,12.01275,0.5159399,1.208232,0.3713267
14-Dec-2021 15:31:28,12.01295,0.5173507,1.208257,0.3713405
14-Dec-2021 15:31:44,12.013,0.5165056,1.208333,0.3713267
14-Dec-2021 15:32:00,12.0125,0.5165056,1.208383,0.3713129
14-Dec-2021 15:32:16,12.013,0.5144474,1.208282,0.3713267
14-Dec-2021 15:32:31,12.01334,0.5173644,1.208257,0.3713267
14-Dec-2021 15:32:47,12.01351,0.5156809,1.208358,0.3713336
14-Dec-2021 15:33:03,12.01272,0.5166692,1.208408,0.3713405
14-Dec-2021 15:33:18,12.01341,0.5166215,1.208985,0.3715616
14-Dec-2021 15:33:34,12.0128,0.5169214,1.208257,0.371299
14-Dec-2021 15:33:50,12.01305,0.5148631,1.208107,0.3713267
14-Dec-2021 15:34:05,12.01295,0.5171054,1.208433,0.3712921
14-Dec-2021 15:34:21,12.01334,0.5172417,1.208282,0.371299
14-Dec-2021 15:34:37,12.01272,0.5149925,1.208132,0.371299
14-Dec-2021 15:34:53,12.01295,0.5173235,1.208232,0.3713129
14-Dec-2021 15:35:08,12.01334,0.5180187,1.208433,0.3713405
14-Dec-2021 15:35:24,12.0129,0.5145768,1.208408,0.3713059
14-Dec-2021 15:35:40,12.01295,0.5154287,1.208132,0.3713267
14-Dec-2021 15:35:55,12.01297,0.5160217,1.208358,0.3713336
14-Dec-2021 15:36:11,12.01327,0.5176779,1.208282,0.3713129
14-Dec-2021 15:36:27,12.01332,0.5171735,1.208257,0.3713405
14-Dec-2021 15:36:43,12.01255,0.5145836,1.208282,0.3713681
14-Dec-2021 15:36:58,12.013,0.5166283,1.208483,0.371382
14-Dec-2021 15:37:14,12.01295,0.5160966,1.208182,0.3713129
14-Dec-2021 15:37:30,12.01354,0.5174598,1.208784,0.3715478
14-Dec-2021 15:37:45,12.01255,0.5183594,1.208232,0.3713336
14-Dec-2021 15:38:01,12.01295,0.5174939,1.208232,0.3713543
14-Dec-2021 15:38:17,12.01285,0.5409052,1.208182,0.3712161
14-Dec-2021 15:38:32,12.01297,0.5160966,1.208458,0.3712714
14-Dec-2021 15:38:48,12.01334,0.5182368,1.208383,0.3713405
14-Dec-2021 15:39:04,12.0129,0.517896,1.208232,0.3713129
14-Dec-2021 15:39:20,12.01332,0.5154424,1.208182,0.3713543
14-Dec-2021 15:39:35,12.01305,0.5179641,1.208433,0.3712852
14-Dec-2021 15:39:51,12.01334,0.5178347,1.208734,0.3714994
14-Dec-2021 15:40:07,12.01314,0.5181959,1.208282,0.3713129
14-Dec-2021 15:40:22,12.01305,0.517303,1.208483,0.3713681
14-Dec-2021 15:40:38,12.01324,0.5150334,1.208282,0.3713681
14-Dec-2021 15:40:54,12.01297,0.5158786,1.208333,0.371299
14-Dec-2021 15:41:10,12.01324,0.5183458,1.208709,0.3715962
14-Dec-2021 15:41:25,12.01255,0.5175825,1.208282,0.371299
14-Dec-2021 15:41:41,12.01309,0.5159058,1.208282,0.3713543
14-Dec-2021 15:41:57,12.0129,0.5168327,1.208207,0.3713129
14-Dec-2021 15:42:12,12.01295,0.5153878,1.208257,0.3713336
14-Dec-2021 15:42:28,12.0127,0.5263881,1.208433,0.3713267
14-Dec-2021 15:42:44,12.01327,0.5154901,1.208458,0.3713612
14-Dec-2021 15:43:00,12.01332,0.5171735,1.208257,0.3713612
14-Dec-2021 15:43:15,12.01307,0.5161307,1.208583,0.3713958
14-Dec-2021 15:43:31,12.01297,0.5155241,1.208383,0.3713198
14-Dec-2021 15:43:47,12.013,0.5154901,1.208358,0.3714027
14-Dec-2021 15:44:02,12.01255,0.5328219,1.208282,0.3712576
14-Dec-2021 15:44:18,12.01334,0.5152993,1.20891,0.3715685
14-Dec-2021 15:44:34,12.0127,0.5177597,1.208533,0.3713681
14-Dec-2021 15:44:50,12.01314,0.5158786,1.208433,0.3713405
14-Dec-2021 15:45:05,12.01307,0.5178892,1.208358,0.3713474
14-Dec-2021 15:45:21,12.01317,0.5154628,1.208508,0.3713612
14-Dec-2021 15:45:37,12.01349,0.5250319,1.208408,0.3713129
14-Dec-2021 15:45:52,12.01277,0.5175757,1.208257,0.3713474
14-Dec-2021 15:46:08,12.01354,0.5157423,1.208333,0.3713543
14-Dec-2021 15:46:24,12.01305,0.5180936,1.208232,0.3713474
14-Dec-2021 15:46:39,12.01309,0.5150743,1.208433,0.3713543
14-Dec-2021 15:46:55,12.013,0.516417,1.208333,0.3713129
14-Dec-2021 15:47:11,12.01297,0.515197,1.208458,0.3713405
14-Dec-2021 15:47:27,12.01265,0.5151152,1.208383,0.3713612
14-Dec-2021 15:47:42,12.01265,0.5149925,1.208333,0.3713336
14-Dec-2021 15:47:58,12.01295,0.5168259,1.208308,0.3713198
14-Dec-2021 15:48:14,12.013,0.5158649,1.208458,0.3713889
14-Dec-2021 15:48:29,12.01334,0.516601,1.208232,0.3712852
14-Dec-2021 15:48:45,12.01295,0.5158649,1.208383,0.3712783
14-Dec-2021 15:49:01,12.01297,0.5166555,1.208308,0.3713405
14-Dec-2021 15:49:17,12.01297,0.5175211,1.208458,0.3713612
14-Dec-2021 15:49:32,12.01312,0.5149585,1.208282,0.3713612
14-Dec-2021 15:49:48,12.01285,0.5177869,1.208232,0.3713405
14-Dec-2021 15:50:04,12.01349,0.5180732,1.208358,0.3713267
14-Dec-2021 15:50:19,12.01314,0.5172963,1.208483,0.3713198
14-Dec-2021 15:50:35,12.0127,0.5147336,1.208383,0.3713267
14-Dec-2021 15:50:51,12.013,0.5146927,1.208232,0.371382
14-Dec-2021 15:51:06,12.01305,0.517194,1.208257,0.3713751
14-Dec-2021 15:51:22,12.01354,0.5154833,1.208784,0.3715616
14-Dec-2021 15:51:38,12.01337,0.5168191,1.208232,0.3713129
14-Dec-2021 15:51:54,12.01295,0.5164647,1.208408,0.3713267
14-Dec-2021 15:52:09,12.01265,0.5173303,1.208358,0.3713474
14-Dec-2021 15:52:25,12.013,0.5171872,1.208282,0.3713267
14-Dec-2021 15:52:41,12.01319,0.5150471,1.208433,0.3713543
14-Dec-2021 15:52:56,12.01312,0.5176847,1.208358,0.3713336
14-Dec-2021 15:53:12,12.01255,0.5148699,1.208333,0.3713267
14-Dec-2021 15:53:28,12.0129,0.5172485,1.208182,0.3713405
14-Dec-2021 15:53:44,12.01265,0.5175688,1.208383,0.3713267
14-Dec-2021 15:53:59,12.013,0.5165601,1.208383,0.3713681
14-Dec-2021 15:54:15,12.013,0.5149381,1.208257,0.3713405
14-Dec-2021 15:54:31,12.01302,0.5157831,1.208483,0.3713543
14-Dec-2021 15:54:46,12.013,0.517896,1.208408,0.3713198
14-Dec-2021 15:55:02,12.01297,0.5177529,1.208308,0.3713198
14-Dec-2021 15:55:18,12.01312,0.5160421,1.208257,0.3713543
14-Dec-2021 15:55:33,12.01339,0.52617,1.208232,0.3713405
14-Dec-2021 15:55:49,12.01263,0.5160625,1.208458,0.3713336
14-Dec-2021 15:56:05,12.01277,0.5164919,1.208333,0.3713336
14-Dec-2021 15:56:21,12.01292,0.5186048,1.208182,0.3713129
14-Dec-2021 15:56:36,12.01364,0.531636,1.208257,0.3713267
14-Dec-2021 15:56:52,12.01334,0.5171463,1.208834,0.3716169
14-Dec-2021 15:57:08,12.0129,0.5279352,1.208383,0.3713267
14-Dec-2021 15:57:23,12.01275,0.5175144,1.208383,0.3723218
14-Dec-2021 15:57:39,12.01267,0.5187752,1.208358,0.3722734
14-Dec-2021 15:57:55,12.01314,0.5154969,1.208458,0.3723218
14-Dec-2021 15:58:11,12.01277,0.5404894,1.208408,0.3722596
14-Dec-2021 15:58:26,12.01297,0.5176507,1.208257,0.3723011
14-Dec-2021 15:58:42,12.01295,0.5178551,1.208282,0.3722942
14-Dec-2021 15:58:58,12.01332,0.5156741,1.208308,0.3722665
14-Dec-2021 15:59:13,12.01272,0.5180869,1.208383,0.3722942
14-Dec-2021 15:59:29,12.01349,0.5171872,1.208784,0.372308
14-Dec-2021 15:59:45,12.01305,0.5151152,1.208232,0.3723218
14-Dec-2021 16:00:01,12.01295,0.5173985,1.208257,0.372308
14-Dec-2021 16:00:16,12.013,0.5172554,1.208383,0.3723426
14-Dec-2021 16:00:32,12.01305,0.5162875,1.208282,0.3723218
14-Dec-2021 16:00:48,12.01329,0.5147336,1.208282,0.3722665
14-Dec-2021 16:01:03,12.01305,0.515899,1.208533,0.3722942
14-Dec-2021 16:01:19,12.01346,0.5172894,1.20886,0.3723287
14-Dec-2021 16:01:35,12.01309,0.5172689,1.208333,0.3722804
14-Dec-2021 16:01:50,12.01346,0.516751,1.208433,0.3723287
14-Dec-2021 16:02:06,12.01307,0.5167987,1.208157,0.3723149
14-Dec-2021 16:02:22,12.01305,0.5152106,1.208433,0.3723218
14-Dec-2021 16:02:38,12.01263,0.5176983,1.208257,0.3722734
14-Dec-2021 16:02:53,12.01332,0.5172894,1.208333,0.3722527
14-Dec-2021 16:03:09,12.01248,0.5163284,1.208032,0.3722734
14-Dec-2021 16:03:25,12.01305,0.5167782,1.208433,0.3722804
14-Dec-2021 16:03:40,12.013,0.5152924,1.208333,0.3722942
14-Dec-2021 16:03:56,12.01334,0.515347,1.208232,0.3722804
14-Dec-2021 16:04:12,12.01344,0.5146177,1.208734,0.3723564
14-Dec-2021 16:04:28,12.01339,0.5146995,1.208759,0.3723011
14-Dec-2021 16:04:43,12.013,0.5149381,1.208282,0.3723633
14-Dec-2021 16:04:59,12.01297,0.5172145,1.208257,0.3723702
14-Dec-2021 16:05:15,12.01305,0.515197,1.208333,0.3722665
14-Dec-2021 16:05:30,12.01305,0.5146245,1.208433,0.3722804
14-Dec-2021 16:05:46,12.01297,0.5145836,1.208282,0.3722389
14-Dec-2021 16:06:02,12.01334,0.515197,1.208182,0.3722665
14-Dec-2021 16:06:17,12.013,0.5160694,1.208483,0.372308
14-Dec-2021 16:06:33,12.01354,0.5157695,1.208433,0.3723218
14-Dec-2021 16:06:49,12.013,0.5169964,1.208408,0.372308
14-Dec-2021 16:07:05,12.013,0.5148903,1.208308,0.3723287
14-Dec-2021 16:07:20,12.01287,0.5160217,1.208383,0.372308
14-Dec-2021 16:07:36,12.01305,0.5152652,1.208207,0.3723218
14-Dec-2021 16:07:52,12.0129,0.5166692,1.208433,0.3722942
14-Dec-2021 16:08:07,12.01307,0.5168259,1.208408,0.3723149
14-Dec-2021 16:08:23,12.01292,0.5184889,1.208232,0.3723149
14-Dec-2021 16:08:39,12.013,0.515306,1.208358,0.3723149
14-Dec-2021 16:08:55,12.01295,0.5265517,1.208333,0.3722942
14-Dec-2021 16:09:10,12.01319,0.5189183,1.208157,0.3722389
14-Dec-2021 16:09:26,12.01307,0.5172894,1.208308,0.3723011
14-Dec-2021 16:09:42,12.01309,0.5155855,1.208408,0.3723287
14-Dec-2021 16:09:57,12.01334,0.5177188,1.208182,0.3722734
14-Dec-2021 16:10:13,12.01297,0.5157218,1.208308,0.3722872
14-Dec-2021 16:10:29,12.01297,0.5173507,1.208232,0.3722665
14-Dec-2021 16:10:44,12.01302,0.5172894,1.208157,0.3722182
14-Dec-2021 16:11:00,12.01319,0.5170509,1.208809,0.372308
14-Dec-2021 16:11:16,12.01327,0.5185094,1.208182,0.372308
14-Dec-2021 16:11:32,12.0127,0.533558,1.208433,0.3722942
14-Dec-2021 16:11:47,12.01314,0.5407825,1.208182,0.3722804
14-Dec-2021 16:12:03,12.01307,0.5177052,1.208408,0.3709742
14-Dec-2021 16:12:19,12.01297,0.5178688,1.208383,0.3709673
14-Dec-2021 16:12:34,12.01265,0.5160966,1.208408,0.3709811
14-Dec-2021 16:12:50,12.01346,0.5176029,1.208383,0.3709397
14-Dec-2021 16:13:06,12.01314,0.5407416,1.208483,0.3712714
14-Dec-2021 16:13:22,12.01346,0.5174598,1.208408,0.3713612
14-Dec-2021 16:13:37,12.01285,0.5156332,1.208308,0.3713267
14-Dec-2021 16:13:53,12.01312,0.5164852,1.208408,0.3714027
14-Dec-2021 16:14:09,12.01305,0.5171327,1.208383,0.3713681
14-Dec-2021 16:14:24,12.01295,0.5159331,1.208333,0.3713543
14-Dec-2021 16:14:40,12.01265,0.5171327,1.208157,0.3713336
14-Dec-2021 16:14:56,12.01349,0.5162466,1.208333,0.3713681
14-Dec-2021 16:15:11,12.01337,0.5179301,1.208433,0.3713751
14-Dec-2021 16:15:27,12.01292,0.5149107,1.208232,0.3713543
14-Dec-2021 16:15:43,12.013,0.5170918,1.208182,0.371382
14-Dec-2021 16:15:59,12.01305,0.5173099,1.208333,0.3713681
14-Dec-2021 16:16:14,12.01265,0.5343077,1.208232,0.3712645
14-Dec-2021 16:16:30,12.013,0.5030518,1.208182,0.287361
14-Dec-2021 16:16:46,12.01295,0.5026019,1.208282,0.2873886
14-Dec-2021 16:17:01,12.01339,0.5023021,1.208784,0.2875821
14-Dec-2021 16:17:17,12.01329,0.5028882,1.208132,0.287361
14-Dec-2021 16:17:33,12.01302,0.5266675,1.208358,0.3102148
14-Dec-2021 16:17:48,12.01339,0.4993305,1.208282,0.3102632
14-Dec-2021 16:18:04,12.01354,0.5002438,1.208433,0.2873748
14-Dec-2021 16:18:20,12.01344,0.5017568,1.208408,0.2873748
14-Dec-2021 16:18:36,12.01312,0.5187003,1.208383,0.3175333
14-Dec-2021 16:18:51,12.013,0.5374974,1.208282,0.3728194
14-Dec-2021 16:19:07,12.01337,0.5142156,1.208784,0.3744365
14-Dec-2021 16:19:23,12.01305,0.5162602,1.208383,0.3741325
14-Dec-2021 16:19:38,12.01341,0.5151902,1.208759,0.3744158
14-Dec-2021 16:19:54,12.01305,0.5172554,1.208483,0.3741601
14-Dec-2021 16:20:10,12.01307,0.5176711,1.208508,0.3741532
14-Dec-2021 16:20:26,12.01339,0.516342,1.208483,0.3741048
14-Dec-2021 16:20:41,12.01383,0.5400737,1.208834,0.3759983
14-Dec-2021 16:20:57,12.01305,0.5374293,1.208433,0.375791
14-Dec-2021 16:21:13,12.01305,0.5171599,1.208333,0.3713474
14-Dec-2021 16:21:28,12.01317,0.5162262,1.208508,0.3713681
14-Dec-2021 16:21:44,12.0126,0.4578921,1.208282,0.2996759
14-Dec-2021 16:22:00,12.0129,0.456863,1.208333,0.2996483
14-Dec-2021 16:22:15,12.01334,0.4562905,1.208834,0.2998694
14-Dec-2021 16:22:31,12.01339,0.4536256,1.208282,0.2996621
14-Dec-2021 16:22:47,12.01245,0.4559633,1.208358,0.2996483
14-Dec-2021 16:23:03,12.0125,0.4715777,1.208433,0.2996068
14-Dec-2021 16:23:18,12.0129,0.4526987,1.208483,0.2996898
14-Dec-2021 16:23:34,12.01305,0.4725183,1.208383,0.3179272
14-Dec-2021 16:23:50,12.01295,0.5137249,1.208458,0.3698201
14-Dec-2021 16:24:05,12.01307,0.5305524,1.208257,0.3697026
14-Dec-2021 16:24:21,12.013,0.533967,1.208333,0.3696957
14-Dec-2021 16:24:37,12.01285,0.5158581,1.208257,0.3711332
14-Dec-2021 16:24:52,12.01324,0.5162466,1.208282,0.3711263
14-Dec-2021 16:25:08,12.01302,0.515899,1.208558,0.3711539
14-Dec-2021 16:25:24,12.01329,0.516083,1.208358,0.3711816
14-Dec-2021 16:25:40,12.01332,0.5156537,1.208408,0.3711263
14-Dec-2021 16:25:55,12.0127,0.5336399,1.208433,0.3710779
14-Dec-2021 16:26:11,12.01371,0.4994668,1.208935,0.287589
14-Dec-2021 16:26:27,12.013,0.501198,1.208308,0.2874162
14-Dec-2021 16:26:42,12.01312,0.51808,1.208333,0.3178374
14-Dec-2021 16:26:58,12.01309,0.5371907,1.208333,0.3734137
14-Dec-2021 16:27:14,12.013,0.5161239,1.208583,0.3710986
14-Dec-2021 16:27:29,12.01297,0.5158854,1.208308,0.3710433
14-Dec-2021 16:27:45,12.013,0.5144064,1.208433,0.371071
14-Dec-2021 16:28:01,12.01292,0.5131319,1.208358,0.3710848
14-Dec-2021 16:28:17,12.01339,0.5140384,1.208985,0.371299
14-Dec-2021 16:28:32,12.0129,0.5141201,1.208433,0.3710986
14-Dec-2021 16:28:48,12.01292,0.5139975,1.208383,0.3710779
14-Dec-2021 16:29:04,-0.001218382,0.0001205294,0.005068004,0.0004675857
14-Dec-2021 16:29:19,12.01305,0.331069,1.208433,0.2334916
14-Dec-2021 16:29:35,12.01312,0.3302715,1.208508,0.2335054
14-Dec-2021 16:29:51,12.01287,0.3273681,1.208207,0.2334847
14-Dec-2021 16:30:07,12.01364,0.2654218,1.208684,0.2338164
14-Dec-2021 16:30:22,12.01287,0.2625934,1.208408,0.2335745
14-Dec-2021 16:30:38,12.01253,0.2937676,1.208483,0.2336022
14-Dec-2021 16:30:54,12.01285,0.2908437,1.208282,0.2335676
14-Dec-2021 16:31:09,12.01302,0.2927793,1.208408,0.2336989
14-Dec-2021 16:31:25,12.01243,0.2923159,1.208282,0.2336091
14-Dec-2021 16:31:41,12.01322,0.2897601,1.208433,0.2335953
14-Dec-2021 16:31:56,12.013,0.2895215,1.208533,0.2335884
14-Dec-2021 16:32:12,12.01245,0.2917434,1.208257,0.2336091
14-Dec-2021 16:32:28,12.01297,0.2893034,1.208533,0.2336022
14-Dec-2021 16:32:43,12.01334,0.2911572,1.208784,0.2338717
14-Dec-2021 16:32:59,12.01373,0.2909528,1.208985,0.2337127
14-Dec-2021 16:33:15,12.01319,0.4299212,1.208433,0.2538991
14-Dec-2021 16:33:31,12.01324,0.4302348,1.208232,0.2539267
14-Dec-2021 16:33:46,12.01334,0.4312707,1.208333,0.2539682
14-Dec-2021 16:34:02,12.01324,0.4322385,1.208734,0.2541202
14-Dec-2021 16:34:18,12.01334,0.4310526,1.208333,0.2838918
14-Dec-2021 16:34:33,12.01295,0.531677,1.208333,0.3683136
14-Dec-2021 16:34:49,12.01364,0.5058734,1.20886,0.36859
14-Dec-2021 16:35:05,12.01376,0.5246093,1.208885,0.3684864
14-Dec-2021 16:35:21,12.01319,0.5286645,1.208784,0.3684518
14-Dec-2021 16:35:36,12.01369,0.508586,1.208885,0.3712161
14-Dec-2021 16:35:52,12.01329,0.5117484,1.208358,0.3709949
14-Dec-2021 16:36:08,12.01334,0.5093766,1.208634,0.3712299
14-Dec-2021 16:36:23,12.01292,0.5138544,1.208257,0.3709742
14-Dec-2021 16:36:39,12.01302,0.5133773,1.208408,0.370988
14-Dec-2021 16:36:55,12.01255,0.5118916,1.208383,0.3709466
14-Dec-2021 16:37:10,12.01285,0.5117688,1.208282,0.3709397
14-Dec-2021 16:37:26,12.01285,0.4503678,1.208232,0.2997174
14-Dec-2021 16:37:42,12.01305,0.4505859,1.208333,0.2997174
14-Dec-2021 16:37:58,12.01285,0.4489774,1.208232,0.2996829
14-Dec-2021 16:38:13,12.01295,0.4479006,1.208232,0.2996483
14-Dec-2021 16:38:29,12.01287,0.4461627,1.208232,0.2997243
14-Dec-2021 16:38:45,12.01327,0.4481732,1.208282,0.2996759
14-Dec-2021 16:39:00,12.01324,0.4463875,1.208132,0.2997174
14-Dec-2021 16:39:16,12.01285,0.4484799,1.208308,0.2996414
14-Dec-2021 16:39:32,12.01332,0.4651098,1.208358,0.3179894
14-Dec-2021 16:39:47,12.01327,0.5203836,1.208734,0.3695921
14-Dec-2021 16:40:03,12.01332,0.5048511,1.208809,0.3716169
14-Dec-2021 16:40:19,12.0129,0.5042241,1.208383,0.371382
14-Dec-2021 16:40:35,12.01314,0.5053214,1.208433,0.3713751
14-Dec-2021 16:40:50,12.01339,0.5058189,1.208358,0.3713543
14-Dec-2021 16:41:06,12.0129,0.5251477,1.208408,0.3712645
14-Dec-2021 16:41:22,12.01369,0.5055463,1.208784,0.3715755
14-Dec-2021 16:41:37,12.01334,0.5338443,1.208333,0.3709673
14-Dec-2021 16:41:53,12.01295,0.5084019,1.208358,0.3710019
14-Dec-2021 16:42:09,12.01302,0.5062687,1.208408,0.3709742
14-Dec-2021 16:42:24,12.01305,0.5084633,1.208333,0.3709811
14-Dec-2021 16:42:40,12.01334,0.5082997,1.208734,0.3711332
14-Dec-2021 16:42:56,12.01329,0.5059144,1.208709,0.3711194
14-Dec-2021 16:43:12,12.01319,0.5272741,1.208834,0.371451
14-Dec-2021 16:43:27,12.01346,0.5063846,1.208834,0.37161
14-Dec-2021 16:43:43,12.01329,0.5073183,1.208257,0.3713267
14-Dec-2021 16:43:59,12.01329,0.5081362,1.208885,0.3715547
14-Dec-2021 16:44:14,12.01337,0.5078907,1.208207,0.3713267
14-Dec-2021 16:44:30,12.0129,0.5080953,1.208132,0.3713267
14-Dec-2021 16:44:46,12.0126,0.506037,1.208333,0.3713681
14-Dec-2021 16:45:02,12.01295,0.5064936,1.208182,0.3713543
14-Dec-2021 16:45:17,12.01351,0.5063028,1.208508,0.3713612
14-Dec-2021 16:45:33,12.013,0.5267153,1.208157,0.371223
14-Dec-2021 16:45:49,12.01305,0.5060915,1.208383,0.3713059
14-Dec-2021 16:46:04,12.01369,0.5085042,1.208709,0.371458
14-Dec-2021 16:46:20,12.01295,0.5089268,1.208232,0.371299
14-Dec-2021 16:46:36,12.01305,0.5084088,1.208358,0.3713267
14-Dec-2021 16:46:51,12.01307,0.5059348,1.208408,0.3712921
14-Dec-2021 16:47:07,12.01349,0.509104,1.208383,0.3713405
14-Dec-2021 16:47:23,12.0126,0.5087223,1.208232,0.3665582
14-Dec-2021 16:47:39,12.0129,0.506773,1.208257,0.3710364
14-Dec-2021 16:47:54,12.01334,0.5062619,1.208232,0.3710088
14-Dec-2021 16:48:10,12.01275,0.5062892,1.208533,0.3710295
14-Dec-2021 16:48:26,12.01267,0.5067935,1.208458,0.3710088
14-Dec-2021 16:48:41,12.01285,0.5091312,1.208282,0.3710641
14-Dec-2021 16:48:57,12.01305,0.5099695,1.208282,0.3710502
14-Dec-2021 16:49:13,12.01339,0.5341169,1.208533,0.3708705
14-Dec-2021 16:49:28,12.0127,0.5104262,1.208207,0.3709742
14-Dec-2021 16:49:44,12.01324,0.511578,1.208809,0.3711816
14-Dec-2021 16:50:00,12.01305,0.5390105,1.208232,0.3708982
14-Dec-2021 16:50:16,12.01346,0.5296936,1.208333,0.3712921
14-Dec-2021 16:50:31,12.01332,0.5108829,1.208308,0.3714994
14-Dec-2021 16:50:47,12.01339,0.5299049,1.208232,0.3714649
14-Dec-2021 16:51:03,12.01302,0.5208812,1.208308,0.3714649
14-Dec-2021 16:51:18,12.01334,0.5089404,1.208257,0.371534
14-Dec-2021 16:51:34,12.01307,0.5104739,1.208333,0.3715616
14-Dec-2021 16:51:50,12.01324,0.5297958,1.208684,0.3716169
14-Dec-2021 16:52:06,12.01285,0.506814,1.208333,0.3715064
14-Dec-2021 16:52:21,12.013,0.5088177,1.208433,0.3715478
14-Dec-2021 16:52:37,12.0127,0.5073456,1.208333,0.3715547
14-Dec-2021 16:52:53,12.01334,0.4572924,1.208232,0.2996898
14-Dec-2021 16:53:08,12.01302,0.4572038,1.208458,0.2996967
14-Dec-2021 16:53:24,12.01295,0.4741131,1.208333,0.299593
14-Dec-2021 16:53:40,12.01295,0.4622132,1.208333,0.2645416
14-Dec-2021 16:53:55,12.01339,0.5189865,1.208433,0.3266694
14-Dec-2021 16:54:11,12.01275,0.5155923,1.208483,0.3708844
14-Dec-2021 16:54:27,12.0128,0.5127707,1.208182,0.3707945
14-Dec-2021 16:54:43,12.01337,0.5161035,1.208885,0.3710641
14-Dec-2021 16:54:58,12.01354,0.5154969,1.208935,0.3711332
14-Dec-2021 16:55:14,12.01329,0.5162739,1.208308,0.3708291
14-Dec-2021 16:55:30,12.01295,0.516601,1.208207,0.3708153
14-Dec-2021 16:55:45,12.01327,0.5354664,1.208885,0.3739389
14-Dec-2021 16:56:01,12.01334,0.5377564,1.208784,0.3704144
14-Dec-2021 16:56:17,12.01295,0.5139634,1.208333,0.3702209
14-Dec-2021 16:56:33,12.01378,0.5166964,1.208809,0.3704697
14-Dec-2021 16:56:48,12.01339,0.5170645,1.208282,0.3702486
14-Dec-2021 16:57:04,12.01339,0.5180869,1.208232,0.370214
14-Dec-2021 16:57:20,12.0129,0.5170236,1.208282,0.3701933
14-Dec-2021 16:57:35,12.01334,0.5162466,1.208383,0.3702486
14-Dec-2021 16:57:51,12.01267,0.5156196,1.208207,0.3702831
14-Dec-2021 16:58:07,12.01381,0.5182095,1.208784,0.3704973
14-Dec-2021 16:58:22,12.013,0.5371158,1.208383,0.3701795
14-Dec-2021 16:58:38,12.01295,0.5181141,1.208333,0.3702348
14-Dec-2021 16:58:54,12.01292,0.5171804,1.208383,0.3707185
14-Dec-2021 16:59:10,12.01265,0.5172622,1.208207,0.3706908
14-Dec-2021 16:59:25,12.01341,0.5385743,1.208358,0.37076
14-Dec-2021 16:59:41,12.01337,0.517712,1.208308,0.3707254
14-Dec-2021 16:59:57,12.01282,0.5367682,1.208157,0.3706839
14-Dec-2021 17:00:12,12.01287,0.5175348,1.208232,0.3707461
14-Dec-2021 17:00:28,12.01327,0.5372793,1.208157,0.3720177
14-Dec-2021 17:00:44,12.01359,0.518598,1.208107,0.3711263
14-Dec-2021 17:00:59,12.01378,0.5403872,1.208734,0.3704697
14-Dec-2021 17:01:15,12.01265,0.5193272,1.208207,0.3703592
14-Dec-2021 17:01:31,12.01297,0.5155719,1.208458,0.3704351
14-Dec-2021 17:01:47,12.01309,0.5158718,1.208257,0.3704214
14-Dec-2021 17:02:02,12.0128,0.5165737,1.208182,0.370373
14-Dec-2021 17:02:18,12.01344,0.5169554,1.208834,0.3706494
14-Dec-2021 17:02:34,12.0125,0.5174053,1.208257,0.370373
14-Dec-2021 17:02:49,12.01341,0.5155174,1.208408,0.3704351
14-Dec-2021 17:03:05,12.01295,0.5155241,1.208333,0.3703868
14-Dec-2021 17:03:21,12.01341,0.5149858,1.208684,0.3706702
14-Dec-2021 17:03:36,12.01297,0.5149244,1.208182,0.3703453
14-Dec-2021 17:03:52,12.013,0.5180664,1.208433,0.3704144
14-Dec-2021 17:04:08,12.01346,0.5172485,1.208885,0.3706494
14-Dec-2021 17:04:24,12.01314,0.5172689,1.208734,0.3705803
14-Dec-2021 17:04:39,12.01359,0.516901,1.208383,0.3704421
14-Dec-2021 17:04:55,12.01332,0.5169077,1.208609,0.370601
14-Dec-2021 17:05:11,12.01265,0.5173099,1.208333,0.3704283
14-Dec-2021 17:05:26,12.013,0.5150062,1.208433,0.3704421
14-Dec-2021 17:05:42,12.0126,0.5173917,1.208308,0.370373
14-Dec-2021 17:05:58,12.01305,0.515197,1.208333,0.3704006
14-Dec-2021 17:06:14,12.01337,0.5166078,1.208659,0.3706702
14-Dec-2021 17:06:29,12.01349,0.515899,1.208433,0.3704144
14-Dec-2021 17:06:45,12.01339,0.5170645,1.208834,0.3706079
14-Dec-2021 17:07:01,12.01305,0.5146245,1.208433,0.3704559
14-Dec-2021 17:07:16,12.01329,0.5169895,1.208333,0.3704214
14-Dec-2021 17:07:32,12.01275,0.5147063,1.208333,0.3704421
14-Dec-2021 17:07:48,12.01292,0.5173099,1.208107,0.3703937
14-Dec-2021 17:08:03,12.01297,0.5173303,1.208358,0.3703522
14-Dec-2021 17:08:19,12.01295,0.5283714,1.208207,0.3703246
14-Dec-2021 17:08:35,12.01314,0.4579808,1.208282,0.2996759
14-Dec-2021 17:08:50,12.01302,0.458008,1.208458,0.2996829
14-Dec-2021 17:09:06,12.01309,0.457749,1.208207,0.2996829
14-Dec-2021 17:09:22,12.01295,0.4543344,1.208282,0.2996621
14-Dec-2021 17:09:38,12.01344,0.4435114,1.208483,0.2539405
14-Dec-2021 17:09:53,12.01305,0.4421347,1.208333,0.2539129
14-Dec-2021 17:10:09,12.01302,0.4425096,1.208508,0.2539267
14-Dec-2021 17:10:25,12.0125,0.439722,1.208282,0.2539336
14-Dec-2021 17:10:40,12.01369,0.4395993,1.208784,0.2541064
14-Dec-2021 17:10:56,12.01275,0.4389518,1.208257,0.253906
14-Dec-2021 17:11:12,12.01292,0.4387474,1.208408,0.2539198
14-Dec-2021 17:11:28,12.01324,0.4385838,1.208282,0.2539267
14-Dec-2021 17:11:43,12.013,0.4384815,1.208232,0.2539336
14-Dec-2021 17:11:59,12.01324,0.439572,1.208383,0.2538991
14-Dec-2021 17:12:15,12.0125,0.4381067,1.208333,0.2539129
14-Dec-2021 17:12:30,12.01334,0.4401173,1.208784,0.2540926
14-Dec-2021 17:12:46,12.01341,0.4397765,1.208684,0.2540926
14-Dec-2021 17:13:02,12.01339,0.4601276,1.208282,0.2539129
14-Dec-2021 17:13:17,12.01332,0.4560179,1.208885,0.2839333
14-Dec-2021 17:13:33,12.01302,0.5281056,1.208458,0.3696612
14-Dec-2021 17:13:49,12.01305,0.5097446,1.208408,0.3711539
14-Dec-2021 17:14:05,12.01295,0.5101399,1.208358,0.3711608
14-Dec-2021 17:14:20,12.01295,0.5128934,1.208333,0.371147
14-Dec-2021 17:14:36,12.01339,0.5124435,1.208433,0.371147
14-Dec-2021 17:14:52,12.01305,0.5299458,1.208383,0.3710641
14-Dec-2021 17:15:07,12.01305,0.5307364,1.208308,0.3710641
14-Dec-2021 17:15:23,12.013,0.5120756,1.208333,0.3711055
14-Dec-2021 17:15:39,12.01329,0.5117075,1.208282,0.3710641
14-Dec-2021 17:15:54,12.01319,0.51457,1.208232,0.3710641
14-Dec-2021 17:16:10,12.01327,0.5134932,1.208157,0.3710364
14-Dec-2021 17:16:26,12.0129,0.5149858,1.208207,0.3710779
14-Dec-2021 17:16:42,12.01346,0.5129207,1.208433,0.3710779
14-Dec-2021 17:16:57,12.01344,0.5121982,1.20886,0.3713681
14-Dec-2021 17:17:13,12.01329,0.5148767,1.208308,0.3710433
14-Dec-2021 17:17:29,12.01329,0.5155446,1.208308,0.3706839
14-Dec-2021 17:17:44,12.01307,0.5155719,1.208408,0.3707116
14-Dec-2021 17:18:00,12.01327,0.5335853,1.208132,0.3705526
14-Dec-2021 17:18:16,12.01334,0.5129275,1.208358,0.3706839
14-Dec-2021 17:18:32,12.01334,0.5383834,1.208834,0.3707876
14-Dec-2021 17:18:47,12.013,0.5357186,1.208659,0.3728401
14-Dec-2021 17:19:03,12.01263,0.5158036,1.208483,0.3706908
14-Dec-2021 17:19:19,12.01344,0.5154833,1.208257,0.3706908
14-Dec-2021 17:19:34,12.01292,0.51564,1.208308,0.3706839
14-Dec-2021 17:19:50,12.01305,0.515715,1.208333,0.370677
14-Dec-2021 17:20:06,12.01349,0.5142428,1.208433,0.3706702
14-Dec-2021 17:20:21,12.01324,0.5167646,1.208433,0.3707185
14-Dec-2021 17:20:37,12.01314,0.5171258,1.208257,0.3706908
14-Dec-2021 17:20:53,12.01297,0.5162875,1.208383,0.3707047
14-Dec-2021 17:21:09,12.01267,0.517085,1.208383,0.3706839
14-Dec-2021 17:21:24,12.01324,0.5163488,1.208609,0.3708844
14-Dec-2021 17:21:40,12.01319,0.5143247,1.208282,0.3707323
14-Dec-2021 17:21:56,12.01248,0.5159876,1.208433,0.3706908
14-Dec-2021 17:22:11,12.01324,0.5143792,1.20891,0.3708775
14-Dec-2021 17:22:27,12.01305,0.514679,1.208232,0.370677
14-Dec-2021 17:22:43,12.01329,0.514495,1.20896,0.3708498
14-Dec-2021 17:22:59,12.01292,0.5139225,1.208207,0.3706563
14-Dec-2021 17:23:14,12.01339,0.5231098,1.208383,0.3706908
14-Dec-2021 17:23:30,12.0127,0.5151152,1.208408,0.3707323
14-Dec-2021 17:23:46,12.01297,0.5161376,1.208483,0.3707185
14-Dec-2021 17:24:01,12.01305,0.5139294,1.208232,0.3706425
14-Dec-2021 17:24:17,12.01295,0.5156468,1.208232,0.3706632
14-Dec-2021 17:24:33,12.01324,0.5148086,1.208684,0.3708775
14-Dec-2021 17:24:48,12.01302,0.5151289,1.208383,0.370677
14-Dec-2021 17:25:04,12.01305,0.5161512,1.208433,0.3706908
14-Dec-2021 17:25:20,12.0126,0.5233416,1.208308,0.3706702
14-Dec-2021 17:25:36,12.01302,0.5155105,1.208483,0.3706563
14-Dec-2021 17:25:51,12.01305,0.5154287,1.208433,0.370677
14-Dec-2021 17:26:07,12.01334,0.5159468,1.208433,0.3707185
14-Dec-2021 17:26:23,12.01305,0.5147881,1.208433,0.370677
14-Dec-2021 17:26:38,12.01349,0.515715,1.208458,0.3707047
14-Dec-2021 17:26:54,12.01292,0.5165601,1.208383,0.3706908
14-Dec-2021 17:27:10,12.01309,0.5142292,1.208383,0.3707185
14-Dec-2021 17:27:25,12.01359,0.5160625,1.208358,0.3707461
14-Dec-2021 17:27:41,12.01378,0.5139294,1.208784,0.3708982
14-Dec-2021 17:27:57,12.01329,0.5156128,1.208734,0.3709259
14-Dec-2021 17:28:13,12.0126,0.5155787,1.208433,0.3707047
14-Dec-2021 17:28:28,12.01307,0.5159945,1.208308,0.3706978
14-Dec-2021 17:28:44,12.01329,0.5159058,1.208182,0.370677
14-Dec-2021 17:29:00,12.01305,0.513943,1.208458,0.3706978
14-Dec-2021 17:29:15,12.01267,0.5152515,1.208308,0.3706563
14-Dec-2021 17:29:31,12.0127,0.5157286,1.208483,0.3706978
14-Dec-2021 17:29:47,12.01285,0.516342,1.208207,0.3706632
14-Dec-2021 17:30:03,12.01267,0.5163147,1.208433,0.3706908
14-Dec-2021 17:30:18,12.01267,0.5157218,1.208458,0.3707116
14-Dec-2021 17:30:34,12.01302,0.5157354,1.208533,0.3710019
14-Dec-2021 17:30:50,12.013,0.5148427,1.208383,0.3710364
14-Dec-2021 17:31:05,12.01322,0.5153742,1.208257,0.3709811
14-Dec-2021 17:31:21,12.01309,0.5160762,1.208483,0.3710502
14-Dec-2021 17:31:37,12.01295,0.5161784,1.208333,0.3710019
14-Dec-2021 17:31:53,12.01265,0.5139839,1.208433,0.370988
14-Dec-2021 17:32:08,12.01295,0.5358617,1.208333,0.3708913
14-Dec-2021 17:32:24,12.01285,0.5168191,1.208132,0.3713612
14-Dec-2021 17:32:40,12.01297,0.5166351,1.208132,0.3713612
14-Dec-2021 17:32:55,12.01258,0.5139907,1.208358,0.3714027
14-Dec-2021 17:33:11,12.01305,0.5160694,1.208282,0.3714096
14-Dec-2021 17:33:27,12.0129,0.5164647,1.208232,0.3713405
14-Dec-2021 17:33:42,12.01305,0.5163147,1.208408,0.3713612
14-Dec-2021 17:33:58,12.01398,0.5165874,1.208935,0.3716307
14-Dec-2021 17:34:14,12.01341,0.5147881,1.208458,0.3713958
14-Dec-2021 17:34:30,12.01339,0.5156059,1.208282,0.3721421
14-Dec-2021 17:34:45,12.01302,0.5389355,1.208308,0.3725499
14-Dec-2021 17:35:01,12.01339,0.5164852,1.208508,0.372156
14-Dec-2021 17:35:17,12.01302,0.5156468,1.208132,0.3721007
14-Dec-2021 17:35:32,12.01339,0.5159194,1.208433,0.3721007
14-Dec-2021 17:35:48,12.01337,0.5165124,1.208408,0.3721076
14-Dec-2021 17:36:04,12.01263,0.5138884,1.208383,0.3721421
14-Dec-2021 17:36:20,12.01339,0.5163011,1.208383,0.3721145
14-Dec-2021 17:36:35,12.01359,0.515197,1.208759,0.372308
14-Dec-2021 17:36:51,12.01295,0.513016,1.208333,0.3721007
14-Dec-2021 17:37:07,12.01253,0.5137249,1.208132,0.3720869
14-Dec-2021 17:37:22,12.01253,0.5156741,1.208232,0.3720938
14-Dec-2021 17:37:38,12.01295,0.5158649,1.208282,0.3721145
14-Dec-2021 17:37:54,12.01337,0.5154833,1.208333,0.3721145
14-Dec-2021 17:38:09,12.01302,0.5132887,1.208358,0.3721629
14-Dec-2021 17:38:25,12.01327,0.5157695,1.208383,0.3721007
14-Dec-2021 17:38:41,12.01302,0.5157218,1.208257,0.3721352
14-Dec-2021 17:38:57,12.01282,0.5157695,1.208383,0.3721007
14-Dec-2021 17:39:12,12.01255,0.5154287,1.208232,0.3720869
14-Dec-2021 17:39:28,12.01339,0.5138066,1.208383,0.3721145
14-Dec-2021 17:39:44,12.01295,0.5156332,1.208333,0.3721283
14-Dec-2021 17:39:59,12.0127,0.5146518,1.208383,0.3721283
14-Dec-2021 17:40:15,12.01369,0.5148358,1.208408,0.3714027
14-Dec-2021 17:40:31,12.013,0.5159058,1.208308,0.3708567
14-Dec-2021 17:40:47,12.01285,0.5146722,1.208232,0.3708844
14-Dec-2021 17:41:02,12.013,0.5170236,1.208333,0.3708844
14-Dec-2021 17:41:18,12.01305,0.5154765,1.208358,0.3708982
14-Dec-2021 17:41:34,12.01307,0.516751,1.208533,0.370912
14-Dec-2021 17:41:49,12.01285,0.5141338,1.208132,0.3708567
14-Dec-2021 17:42:05,12.01339,0.5163965,1.208985,0.3711332
14-Dec-2021 17:42:21,12.01312,0.5148631,1.208408,0.3709051
14-Dec-2021 17:42:36,12.01337,0.5147609,1.208257,0.3708567
14-Dec-2021 17:42:52,12.01349,0.5144337,1.208458,0.370912
14-Dec-2021 17:43:08,12.01312,0.5144814,1.208308,0.3708982
14-Dec-2021 17:43:24,12.01317,0.5156672,1.208308,0.3709051
14-Dec-2021 17:43:39,12.01341,0.515715,1.208308,0.3709189
14-Dec-2021 17:43:55,12.0129,0.5158718,1.208182,0.3708844
14-Dec-2021 17:44:11,12.01285,0.5149994,1.208433,0.370836
14-Dec-2021 17:44:26,12.01327,0.5160149,1.208333,0.37076
14-Dec-2021 17:44:42,12.01297,0.5167033,1.208207,0.3712092
14-Dec-2021 17:44:58,12.01334,0.5168873,1.208383,0.3711332
14-Dec-2021 17:45:13,12.01307,0.5151016,1.208433,0.3711608
14-Dec-2021 17:45:29,12.01346,0.5149448,1.20901,0.3713889
14-Dec-2021 17:45:45,12.01373,0.5143656,1.208985,0.371382
14-Dec-2021 17:46:01,12.01329,0.5152243,1.208182,0.371147
14-Dec-2021 17:46:16,12.01314,0.5167373,1.208433,0.3711332
14-Dec-2021 17:46:32,12.01324,0.5175144,1.208533,0.3711885
14-Dec-2021 17:46:48,12.01297,0.5154492,1.208458,0.3711539
14-Dec-2021 17:47:04,12.0127,0.5142428,1.208282,0.371147
14-Dec-2021 17:47:19,12.01285,0.5145972,1.208433,0.3711194
14-Dec-2021 17:47:35,12.01339,0.5175757,1.208483,0.3710986
14-Dec-2021 17:47:51,12.01297,0.5372725,1.208408,0.3710364
14-Dec-2021 17:48:06,12.01275,0.5139839,1.208433,0.371147
14-Dec-2021 17:48:22,12.01309,0.5163557,1.208508,0.3712023
14-Dec-2021 17:48:38,12.01334,0.5151562,1.208684,0.3713958
14-Dec-2021 17:48:53,12.01332,0.5153265,1.208408,0.3711124
14-Dec-2021 17:49:09,12.013,0.5136363,1.208282,0.3711816
14-Dec-2021 17:49:25,12.013,0.5146381,1.208282,0.3711746
14-Dec-2021 17:49:41,12.01295,0.5147063,1.208383,0.3711885
14-Dec-2021 17:49:56,12.01292,0.5142428,1.208132,0.3711194
14-Dec-2021 17:50:12,12.013,0.5142156,1.208483,0.3711608
14-Dec-2021 17:50:28,12.01295,0.5160421,1.208333,0.3711401
14-Dec-2021 17:50:43,12.01305,0.5139021,1.208232,0.3716998
14-Dec-2021 17:50:59,12.01295,0.5158513,1.208433,0.3717551
14-Dec-2021 17:51:15,12.01255,0.5145836,1.208232,0.371769
14-Dec-2021 17:51:30,12.01307,0.513316,1.208433,0.3717482
14-Dec-2021 17:51:46,12.01332,0.5132819,1.208157,0.3717206
14-Dec-2021 17:52:02,12.0126,0.514311,1.208558,0.371762
14-Dec-2021 17:52:18,12.01302,0.5395761,1.208433,0.3716653
14-Dec-2021 17:52:33,12.01309,0.517453,1.208408,0.3711263
14-Dec-2021 17:52:49,12.0127,0.5165874,1.208308,0.3711194
14-Dec-2021 17:53:05,12.01371,0.5154969,1.208684,0.3713267
14-Dec-2021 17:53:20,12.013,0.5172281,1.208257,0.3711055
14-Dec-2021 17:53:36,12.01334,0.5161376,1.208784,0.3713336
14-Dec-2021 17:53:52,12.01359,0.5136022,1.208885,0.3713958
14-Dec-2021 17:54:07,12.01329,0.5136363,1.208182,0.3710986
14-Dec-2021 17:54:23,12.0129,0.513834,1.208308,0.3710986
14-Dec-2021 17:54:39,12.013,0.5142837,1.208408,0.3711055
14-Dec-2021 17:54:55,12.01302,0.5149107,1.208257,0.3711677
14-Dec-2021 17:55:10,12.01319,0.5138066,1.208483,0.3711194
14-Dec-2021 17:55:26,12.0127,0.5139021,1.208383,0.3711055
14-Dec-2021 17:55:42,12.01349,0.5138612,1.208282,0.3710779
14-Dec-2021 17:55:57,12.01305,0.5165329,1.208333,0.3711332
14-Dec-2021 17:56:13,12.01349,0.513943,1.208282,0.3711194
14-Dec-2021 17:56:29,12.013,0.5133977,1.208383,0.3711194
14-Dec-2021 17:56:45,12.013,0.513316,1.208333,0.3711332
14-Dec-2021 17:57:00,12.01265,0.5159331,1.208333,0.371147
14-Dec-2021 17:57:16,12.01263,0.5138271,1.208333,0.3711263
14-Dec-2021 17:57:32,12.01307,0.5138612,1.208433,0.371147
14-Dec-2021 17:57:47,12.01263,0.5156672,1.208433,0.3711055
14-Dec-2021 17:58:03,12.01317,0.5157218,1.208558,0.3711332
14-Dec-2021 17:58:19,12.01265,0.5140521,1.208433,0.3711194
14-Dec-2021 17:58:34,12.01322,0.5141475,1.208383,0.3711608
14-Dec-2021 17:58:50,12.01309,0.5163829,1.208333,0.3710779
14-Dec-2021 17:59:06,12.01369,0.5138066,1.208734,0.3713474
14-Dec-2021 17:59:22,12.01339,0.5148971,1.208834,0.371382
14-Dec-2021 17:59:37,12.01248,0.5173303,1.208232,0.3710986
14-Dec-2021 17:59:53,12.01258,0.5171599,1.208232,0.3710917
14-Dec-2021 18:00:09,12.01265,0.5165329,1.208383,0.3711608
14-Dec-2021 18:00:24,12.01312,0.517085,1.208558,0.3711263
14-Dec-2021 18:00:40,12.013,0.5168601,1.208383,0.3711194
14-Dec-2021 18:00:56,12.01295,0.5178074,1.208408,0.3711401
14-Dec-2021 18:01:12,12.01297,0.5175893,1.208408,0.3711608
14-Dec-2021 18:01:27,12.01309,0.5151289,1.208257,0.3711055
14-Dec-2021 18:01:43,12.013,0.5172281,1.208333,0.3711055
14-Dec-2021 18:01:59,12.01253,0.5157082,1.208408,0.3710779
14-Dec-2021 18:02:14,12.01295,0.5177869,1.208383,0.3710848
14-Dec-2021 18:02:30,12.01309,0.5176779,1.208333,0.3711263
14-Dec-2021 18:02:46,12.01314,0.5152788,1.208458,0.3711332
14-Dec-2021 18:03:01,12.01307,0.5408983,1.208408,0.370988
14-Dec-2021 18:03:17,12.0129,0.5165737,1.208734,0.3711055
14-Dec-2021 18:03:33,12.01307,0.54128,1.208408,0.3721767
14-Dec-2021 18:03:49,12.0127,0.5182776,1.208433,0.3722665
14-Dec-2021 18:04:04,12.01265,0.535371,1.208483,0.3722665
14-Dec-2021 18:04:20,12.01277,0.5186389,1.208458,0.3723149
14-Dec-2021 18:04:36,12.013,0.5168464,1.208408,0.3723564
14-Dec-2021 18:04:51,12.01314,0.5168055,1.208433,0.3723771
14-Dec-2021 18:05:07,12.0127,0.5171054,1.208308,0.3722665
14-Dec-2021 18:05:23,12.01295,0.5373543,1.208282,0.3784447
14-Dec-2021 18:05:39,12.01265,0.5179369,1.208282,0.3723771
14-Dec-2021 18:05:54,12.01337,0.5160762,1.208433,0.372308
14-Dec-2021 18:06:10,12.013,0.5180323,1.208333,0.3724047
14-Dec-2021 18:06:26,12.01287,0.5153197,1.208408,0.3723495
14-Dec-2021 18:06:41,12.01309,0.5172689,1.208383,0.3723633
14-Dec-2021 18:06:57,12.01258,0.5153129,1.208333,0.3723287
14-Dec-2021 18:07:13,12.01319,0.5155174,1.208257,0.3723356
14-Dec-2021 18:07:28,12.01292,0.5155651,1.208333,0.3723011
14-Dec-2021 18:07:44,12.01337,0.5402509,1.208684,0.3724531
14-Dec-2021 18:08:00,12.01324,0.5175484,1.208207,0.3722872
14-Dec-2021 18:08:16,12.01305,0.5155923,1.208383,0.3723287
14-Dec-2021 18:08:31,12.01314,0.5168736,1.208358,0.3723909
14-Dec-2021 18:08:47,12.01295,0.5359162,1.208232,0.3722389
14-Dec-2021 18:09:03,12.0129,0.5183186,1.208232,0.3722942
14-Dec-2021 18:09:18,12.01309,0.5378382,1.208383,0.3724047
14-Dec-2021 18:09:34,12.01361,0.538363,1.208659,0.3731856
14-Dec-2021 18:09:50,12.01351,0.5181209,1.208458,0.372543
14-Dec-2021 18:10:06,12.01302,0.5166624,1.208508,0.372536
14-Dec-2021 18:10:21,12.01307,0.5152447,1.208383,0.3725706
14-Dec-2021 18:10:37,12.01305,0.5177597,1.208282,0.3725844
14-Dec-2021 18:10:53,12.01295,0.5176302,1.208333,0.3725568
14-Dec-2021 18:11:08,12.01339,0.5173371,1.208358,0.3725982
14-Dec-2021 18:11:24,12.01297,0.5174326,1.208408,0.3725775
14-Dec-2021 18:11:40,12.01337,0.5165192,1.208333,0.372536
14-Dec-2021 18:11:55,12.0127,0.5165806,1.208433,0.3726121
14-Dec-2021 18:12:11,12.01305,0.5175144,1.208433,0.3726121
14-Dec-2021 18:12:27,12.01302,0.5168532,1.208458,0.3725913
14-Dec-2021 18:12:43,12.01292,0.517303,1.208207,0.3725084
14-Dec-2021 18:12:58,12.01282,0.5170577,1.208257,0.3725084
14-Dec-2021 18:13:14,12.01337,0.5155037,1.20891,0.3725913
14-Dec-2021 18:13:30,12.01322,0.5173167,1.208408,0.3725913
14-Dec-2021 18:13:45,12.01307,0.5157354,1.208358,0.3725775
14-Dec-2021 18:14:01,12.01297,0.5171531,1.208207,0.372536
14-Dec-2021 18:14:17,12.01265,0.5171872,1.208308,0.3725291
14-Dec-2021 18:14:33,12.01302,0.5179982,1.208408,0.3725084
14-Dec-2021 18:14:48,12.01265,0.5164647,1.208282,0.3725291
14-Dec-2021 18:15:04,12.01275,0.5170782,1.208458,0.3725844
14-Dec-2021 18:15:20,12.01324,0.515347,1.208383,0.3725084
14-Dec-2021 18:15:35,12.013,0.5176779,1.208333,0.372536
14-Dec-2021 18:15:51,12.01297,0.5180051,1.208358,0.3725222
14-Dec-2021 18:16:07,12.01272,0.5154424,1.208433,0.3725844
14-Dec-2021 18:16:22,12.01337,0.5386493,1.208333,0.372536
14-Dec-2021 18:16:38,12.01324,0.5351324,1.208508,0.3725913
14-Dec-2021 18:16:54,12.01314,0.5356436,1.208383,0.3725706
14-Dec-2021 18:17:10,12.01297,0.5189183,1.208257,0.3725844
14-Dec-2021 18:17:25,12.0126,0.5420229,1.208333,0.3725568
14-Dec-2021 18:17:41,12.01297,0.5389559,1.208282,0.3725706
14-Dec-2021 18:17:57,12.01287,0.5173235,1.208057,0.372536
14-Dec-2021 18:18:12,12.01307,0.5425886,1.208333,0.3725015
14-Dec-2021 18:18:28,12.01295,0.4813375,1.208232,0.3194684
14-Dec-2021 18:18:44,12.01302,0.4888278,1.208358,0.3195167
14-Dec-2021 18:18:59,12.01263,0.4619883,1.208383,0.3196273
14-Dec-2021 18:19:15,12.01305,0.4606729,1.208533,0.3196342
14-Dec-2021 18:19:31,12.01378,0.4611773,1.208734,0.3197586
14-Dec-2021 18:19:47,12.01391,0.4601413,1.208985,0.3198139
14-Dec-2021 18:20:02,12.013,0.4576468,1.208207,0.3196066
14-Dec-2021 18:20:18,12.01344,0.4596233,1.208383,0.3195789
14-Dec-2021 18:20:34,12.01295,0.4573061,1.208282,0.3195306
14-Dec-2021 18:20:49,12.01314,0.4569243,1.208383,0.3195651
14-Dec-2021 18:21:05,12.013,0.4569312,1.208483,0.3195927
14-Dec-2021 18:21:21,12.01324,0.4563246,1.208232,0.3195236
14-Dec-2021 18:21:36,12.01341,0.4560588,1.208232,0.3194338
14-Dec-2021 18:21:52,12.01327,0.4581648,1.208684,0.3195236
14-Dec-2021 18:22:08,12.01393,0.4573878,1.20896,0.3187773
14-Dec-2021 18:22:24,12.01292,0.474263,1.208257,0.3188602
14-Dec-2021 18:22:39,12.01277,0.4737792,1.208383,0.3181207
14-Dec-2021 18:22:55,12.01329,0.4747128,1.208834,0.3191643
14-Dec-2021 18:23:11,12.01329,0.4748083,1.208408,0.3184317
14-Dec-2021 18:23:26,12.01383,0.4601958,1.208734,0.3192057
14-Dec-2021 18:23:42,12.01302,0.4581034,1.208207,0.3188878
14-Dec-2021 18:23:58,12.01292,0.4575309,1.208333,0.3184663
14-Dec-2021 18:24:14,12.01373,0.474597,1.208935,0.3191988
14-Dec-2021 18:24:29,12.01354,0.475408,1.208182,0.3188602
14-Dec-2021 18:24:45,12.0129,0.4585192,1.208433,0.3185077
14-Dec-2021 18:25:01,12.01258,0.4578853,1.208308,0.3181899
14-Dec-2021 18:25:16,12.01302,0.4555817,1.208458,0.318176
14-Dec-2021 18:25:32,12.0129,0.4561202,1.208232,0.3194822
14-Dec-2021 18:25:48,12.01297,0.4582602,1.208433,0.3182521
14-Dec-2021 18:26:03,12.01339,0.4573061,1.208433,0.3187911
14-Dec-2021 18:26:19,12.0129,0.4566654,1.208383,0.3193439
14-Dec-2021 18:26:35,12.01295,0.4563928,1.208383,0.3192472
14-Dec-2021 18:26:51,12.01295,0.4564473,1.208282,0.3184455
14-Dec-2021 18:27:06,12.01329,0.4557794,1.208182,0.318722
14-Dec-2021 18:27:22,12.01317,0.455718,1.208408,0.3183972
14-Dec-2021 18:27:38,-0.001021288,0.0001273449,0.005193449,0.0004606749
