#Agilent Technologies,E3648A,0,1.7-5.0-1.0
#LIMITS: 12.0, 1.2 CURRENTS: 1.0, 0.6
15-Dec-2021 08:34:41,12.01346,0.2862092,1.208759,0.09301656
15-Dec-2021 08:34:56,12.01381,0.2884174,1.208809,0.09303037
15-Dec-2021 08:35:12,12.01381,0.2864204,1.208809,0.09302347
15-Dec-2021 08:35:28,12.01354,0.286734,1.208107,0.0929267
15-Dec-2021 08:35:43,12.01378,0.2886355,1.208634,0.09302347
15-Dec-2021 08:35:59,12.01349,0.2864204,1.208157,0.09290597
15-Dec-2021 08:36:15,12.01381,0.2865295,1.208508,0.09303728
15-Dec-2021 08:36:31,12.01351,0.2869452,1.20891,0.0930442
15-Dec-2021 08:36:46,12.01344,0.2865772,1.208132,0.09290597
15-Dec-2021 08:37:02,12.01309,0.2870611,1.208232,0.09296817
15-Dec-2021 08:37:18,12.01354,0.2890853,1.208634,0.09307183
15-Dec-2021 08:37:33,12.01371,0.2887378,1.208834,0.09305111
15-Dec-2021 08:37:49,12.01351,0.288765,1.208358,0.09298199
15-Dec-2021 08:38:05,12.01351,0.2975502,1.208684,0.09301656
15-Dec-2021 08:38:21,12.01314,0.4307664,1.208232,0.2648319
15-Dec-2021 08:38:36,12.01383,0.4303506,1.208709,0.2650876
15-Dec-2021 08:38:52,12.01415,0.4294169,1.208784,0.2651567
15-Dec-2021 08:39:08,12.01354,0.4314071,1.208282,0.2649701
15-Dec-2021 08:39:23,12.01361,0.4305006,1.208308,0.2653225
15-Dec-2021 08:39:39,12.01314,0.4319659,1.208282,0.2653295
15-Dec-2021 08:39:55,12.01373,0.431925,1.208333,0.2654608
15-Dec-2021 08:40:10,12.01398,0.4337244,1.208634,0.2656059
15-Dec-2021 08:40:26,12.01371,0.4333835,1.208433,0.2655782
15-Dec-2021 08:40:42,12.01319,0.434474,1.208232,0.2654124
15-Dec-2021 08:40:58,12.01346,0.436137,1.208207,0.2651429
15-Dec-2021 08:41:13,12.01312,0.4345626,1.208358,0.2652258
15-Dec-2021 08:41:29,12.01398,0.435878,1.208834,0.2653847
15-Dec-2021 08:41:45,12.01401,0.4442066,1.208634,0.2762623
15-Dec-2021 08:42:00,12.01324,0.5253249,1.208207,0.3724877
15-Dec-2021 08:42:16,12.01319,0.508286,1.208082,0.3760605
15-Dec-2021 08:42:32,12.01413,0.5334353,1.208634,0.3761365
15-Dec-2021 08:42:47,12.01408,0.534594,1.208734,0.3758463
15-Dec-2021 08:43:03,12.01369,0.5107124,1.208232,0.3759292
15-Dec-2021 08:43:19,12.01324,0.5093561,1.208308,0.3757357
15-Dec-2021 08:43:35,12.01334,0.5123891,1.208232,0.3755422
15-Dec-2021 08:43:50,12.01332,0.5296868,1.208232,0.37595
15-Dec-2021 08:44:06,12.01344,0.5334899,1.208182,0.3770902
15-Dec-2021 08:44:22,12.01364,0.5131388,1.208032,0.3771732
15-Dec-2021 08:44:37,12.01356,0.5121914,1.208558,0.3774565
15-Dec-2021 08:44:53,12.01391,0.511912,1.208232,0.3770902
15-Dec-2021 08:45:09,12.01295,0.5119392,1.208082,0.3766479
15-Dec-2021 08:45:25,12.01344,0.5141611,1.208157,0.3757634
15-Dec-2021 08:45:40,12.01285,0.5127094,1.208132,0.3771248
15-Dec-2021 08:45:56,12.01337,0.5313225,1.208257,0.3769866
15-Dec-2021 08:46:12,12.01322,0.5340419,1.208257,0.3771179
15-Dec-2021 08:46:27,12.01287,0.5132341,1.208132,0.3771041
15-Dec-2021 08:46:43,12.01344,0.5365977,1.208182,0.3770764
15-Dec-2021 08:46:59,12.01319,0.5331082,1.208132,0.3771663
15-Dec-2021 08:47:14,12.01324,0.5352074,1.208082,0.3759845
15-Dec-2021 08:47:30,12.01295,0.5158445,1.208182,0.3761504
15-Dec-2021 08:47:46,12.01388,0.5148903,1.208032,0.3778366
15-Dec-2021 08:48:02,12.01346,0.5164647,1.208232,0.3777951
15-Dec-2021 08:48:17,12.01341,0.5144814,1.208257,0.3785138
15-Dec-2021 08:48:33,12.01307,0.5264222,1.208282,0.3772008
15-Dec-2021 08:48:49,12.01388,0.5350847,1.208308,0.3773529
15-Dec-2021 08:49:04,12.01396,0.5171804,1.208558,0.377111
15-Dec-2021 08:49:20,12.01344,0.5148971,1.208082,0.376724
15-Dec-2021 08:49:36,12.01344,0.5320723,1.208182,0.3770902
15-Dec-2021 08:49:51,12.01287,0.5154015,1.208082,0.3768967
15-Dec-2021 08:50:07,12.01341,0.5155923,1.208257,0.3774565
15-Dec-2021 08:50:23,12.01346,0.5168669,1.208333,0.3775187
15-Dec-2021 08:50:39,12.01319,0.515306,1.208057,0.3775187
15-Dec-2021 08:50:54,12.01349,0.5152924,1.208157,0.3774704
15-Dec-2021 08:51:10,12.01351,0.5168327,1.208132,0.3774358
15-Dec-2021 08:51:26,12.01309,0.52159,1.208333,0.3774496
15-Dec-2021 08:51:41,12.01334,0.5151562,1.208082,0.3773667
15-Dec-2021 08:51:57,12.01423,0.5169827,1.208433,0.3772699
15-Dec-2021 08:52:13,12.01388,0.516935,1.208282,0.3768553
15-Dec-2021 08:52:28,12.01381,0.5151357,1.208182,0.3761642
15-Dec-2021 08:52:44,12.01307,0.5167987,1.208232,0.3772768
15-Dec-2021 08:53:00,12.01334,0.5147881,1.208207,0.3768
15-Dec-2021 08:53:16,12.01314,0.5166146,1.208182,0.3778504
15-Dec-2021 08:53:31,12.01351,0.5142565,1.208308,0.3778642
15-Dec-2021 08:53:47,12.01339,0.5163693,1.208232,0.3778366
15-Dec-2021 08:54:03,12.013,0.5163965,1.208207,0.3777744
15-Dec-2021 08:54:18,12.01354,0.5169146,1.208232,0.3776155
15-Dec-2021 08:54:34,12.01314,0.517487,1.208182,0.3775326
15-Dec-2021 08:54:50,12.01339,0.5166828,1.208157,0.3776707
15-Dec-2021 08:55:06,12.01344,0.5160081,1.208057,0.3772216
15-Dec-2021 08:55:21,12.01344,0.5169418,1.208082,0.3776431
15-Dec-2021 08:55:37,12.01339,0.514904,1.208182,0.3776431
15-Dec-2021 08:55:53,12.01393,0.5170782,1.208182,0.3773943
15-Dec-2021 08:56:08,12.01359,0.5165874,1.208433,0.3774772
15-Dec-2021 08:56:24,12.01337,0.5166419,1.208082,0.3776016
15-Dec-2021 08:56:40,12.01312,0.5150198,1.208232,0.377574
15-Dec-2021 08:56:55,12.01346,0.5173235,1.208182,0.3775602
15-Dec-2021 08:57:11,12.01356,0.5168669,1.208232,0.37765
15-Dec-2021 08:57:27,12.01349,0.514679,1.208157,0.3775049
15-Dec-2021 08:57:43,12.01324,0.5167782,1.208157,0.3770626
15-Dec-2021 08:57:58,12.01351,0.5172076,1.208107,0.3775118
15-Dec-2021 08:58:14,12.01341,0.5172349,1.208107,0.3775118
15-Dec-2021 08:58:30,12.01319,0.5168055,1.208308,0.3777537
15-Dec-2021 08:58:45,12.01354,0.5167577,1.208132,0.3776915
15-Dec-2021 08:59:01,12.01344,0.5151221,1.208207,0.3761435
15-Dec-2021 08:59:17,12.01346,0.5171327,1.208082,0.3768967
15-Dec-2021 08:59:33,12.01401,0.5322904,1.208082,0.3759707
15-Dec-2021 08:59:48,12.01324,0.5156128,1.208232,0.3763853
15-Dec-2021 09:00:04,12.013,0.5153334,1.208157,0.3759569
15-Dec-2021 09:00:20,12.01319,0.5178279,1.208232,0.3750861
15-Dec-2021 09:00:35,12.01314,0.5176779,1.208282,0.3767585
15-Dec-2021 09:00:51,12.01386,0.5170645,1.208282,0.3778642
15-Dec-2021 09:01:07,12.01309,0.5176779,1.208232,0.3778781
15-Dec-2021 09:01:22,12.01302,0.516751,1.208232,0.3779679
15-Dec-2021 09:01:38,12.01307,0.5177597,1.208282,0.3779886
15-Dec-2021 09:01:54,12.013,0.5181073,1.208107,0.377961
15-Dec-2021 09:02:10,12.01349,0.516083,1.208132,0.3777675
15-Dec-2021 09:02:25,12.01312,0.5171599,1.208383,0.377961
15-Dec-2021 09:02:41,12.01329,0.5175688,1.208082,0.3780025
15-Dec-2021 09:02:57,12.01349,0.5176098,1.208232,0.3779886
15-Dec-2021 09:03:12,12.01369,0.5157968,1.208333,0.3779334
15-Dec-2021 09:03:28,12.01305,0.5147813,1.208082,0.377961
15-Dec-2021 09:03:44,12.01391,0.5266675,1.208107,0.327934
15-Dec-2021 09:03:59,12.01349,0.5154151,1.208232,0.3714787
15-Dec-2021 09:04:15,12.01393,0.517746,1.208508,0.3716031
15-Dec-2021 09:04:31,12.01354,0.5169418,1.208358,0.371451
15-Dec-2021 09:04:47,12.01364,0.5272878,1.208182,0.3279962
15-Dec-2021 09:05:02,12.01309,0.5175688,1.208257,0.3713958
15-Dec-2021 09:05:18,12.01307,0.5174394,1.208157,0.3713059
15-Dec-2021 09:05:34,12.01314,0.5157695,1.208182,0.3711746
15-Dec-2021 09:05:49,12.01309,0.5270015,1.208132,0.3276368
15-Dec-2021 09:06:05,12.01354,0.5152243,1.208383,0.3711332
15-Dec-2021 09:06:21,12.01341,0.5378041,1.208182,0.3707945
15-Dec-2021 09:06:37,12.01302,0.5176098,1.208082,0.3711746
15-Dec-2021 09:06:52,12.01267,0.5368908,1.208057,0.3710502
15-Dec-2021 09:07:08,12.01327,0.5148494,1.208308,0.3710848
15-Dec-2021 09:07:24,12.01319,0.5173099,1.208232,0.3708014
15-Dec-2021 09:07:39,12.01314,0.515197,1.208082,0.3706218
15-Dec-2021 09:07:55,12.01319,0.5377155,1.208182,0.3706908
15-Dec-2021 09:08:11,12.01312,0.5151698,1.208182,0.3708982
15-Dec-2021 09:08:26,12.01309,0.5175825,1.208232,0.3698823
15-Dec-2021 09:08:42,12.01364,0.5382744,1.208157,0.3705872
15-Dec-2021 09:08:58,12.01337,0.5382948,1.208057,0.3706839
15-Dec-2021 09:09:14,12.01388,0.5179914,1.208082,0.3704351
15-Dec-2021 09:09:29,12.01305,0.5168055,1.208082,0.3705941
15-Dec-2021 09:09:45,12.01309,0.519409,1.208032,0.3288393
15-Dec-2021 09:10:01,12.01346,0.5192523,1.208308,0.3710226
15-Dec-2021 09:10:16,12.01339,0.5159194,1.208082,0.370525
15-Dec-2021 09:10:32,12.01346,0.5166555,1.208358,0.3707461
15-Dec-2021 09:10:48,12.01265,0.5113667,1.208207,0.3537457
15-Dec-2021 09:11:04,12.01364,0.5178619,1.208232,0.37076
15-Dec-2021 09:11:19,12.01339,0.5386015,1.208207,0.3707876
15-Dec-2021 09:11:35,12.01354,0.5193477,1.208157,0.3708775
15-Dec-2021 09:11:51,12.01344,0.5386697,1.208132,0.3697786
15-Dec-2021 09:12:06,12.01314,0.5160149,1.208082,0.370677
15-Dec-2021 09:12:22,12.01349,0.5190956,1.208232,0.3711194
15-Dec-2021 09:12:38,12.01317,0.5392763,1.208207,0.3708775
15-Dec-2021 09:12:53,12.01349,0.5388469,1.208132,0.3708291
15-Dec-2021 09:13:09,12.01314,0.5160558,1.208282,0.3708705
15-Dec-2021 09:13:25,12.013,0.5384652,1.208107,0.3704559
15-Dec-2021 09:13:41,12.01386,0.5189524,1.208659,0.3706563
15-Dec-2021 09:13:56,12.01359,0.538547,1.208182,0.3702624
15-Dec-2021 09:14:12,12.01349,0.5189047,1.208182,0.371299
15-Dec-2021 09:14:28,12.01381,0.5175144,1.208333,0.370677
15-Dec-2021 09:14:43,12.01309,0.5384312,1.208107,0.3706632
15-Dec-2021 09:14:59,12.01339,0.5179641,1.208032,0.3702209
15-Dec-2021 09:15:15,12.01349,0.5181413,1.208333,0.369751
15-Dec-2021 09:15:30,12.01337,0.5179301,1.208057,0.3712921
15-Dec-2021 09:15:46,12.01312,0.5171735,1.208282,0.371299
15-Dec-2021 09:16:02,12.01359,0.5155855,1.208257,0.3713336
15-Dec-2021 09:16:18,12.01324,0.5174598,1.208308,0.3713198
15-Dec-2021 09:16:33,12.01309,0.517971,1.208182,0.3713267
15-Dec-2021 09:16:49,12.01354,0.514829,1.208157,0.371299
15-Dec-2021 09:17:05,12.01386,0.517487,1.208082,0.3712714
15-Dec-2021 09:17:20,12.01309,0.5164783,1.208282,0.3694262
15-Dec-2021 09:17:36,12.01309,0.5153947,1.208057,0.3710502
15-Dec-2021 09:17:52,12.0129,0.5147676,1.208232,0.3709259
15-Dec-2021 09:18:07,12.01322,0.5167987,1.208182,0.3711332
15-Dec-2021 09:18:23,12.01285,0.5152856,1.208408,0.3711677
15-Dec-2021 09:18:39,12.01324,0.5152515,1.208282,0.3712023
15-Dec-2021 09:18:55,12.01346,0.5150607,1.208182,0.3708982
15-Dec-2021 09:19:10,12.01329,0.51701,1.208132,0.3709535
15-Dec-2021 09:19:26,12.01351,0.5149789,1.208207,0.3706148
15-Dec-2021 09:19:42,12.01361,0.5175688,1.208358,0.3708705
15-Dec-2021 09:19:57,12.01322,0.5156537,1.208157,0.3710848
15-Dec-2021 09:20:13,12.01359,0.5154696,1.207981,0.3704144
15-Dec-2021 09:20:29,12.01314,0.5155378,1.208207,0.3708705
15-Dec-2021 09:20:45,12.01339,0.5189319,1.208182,0.3704006
15-Dec-2021 09:21:00,12.0128,0.5161376,1.208132,0.3706218
15-Dec-2021 09:21:16,12.01317,0.5181891,1.208257,0.3710157
15-Dec-2021 09:21:32,12.01364,0.5157695,1.208182,0.3706632
15-Dec-2021 09:21:47,12.01319,0.5178415,1.208282,0.3710917
15-Dec-2021 09:22:03,12.01309,0.5162602,1.208232,0.3701104
15-Dec-2021 09:22:19,12.01319,0.5183663,1.208082,0.3709397
15-Dec-2021 09:22:34,12.01349,0.5181005,1.208383,0.3702762
15-Dec-2021 09:22:50,12.01356,0.5156468,1.208157,0.3704697
15-Dec-2021 09:23:06,12.01324,0.5152039,1.208333,0.3707047
15-Dec-2021 09:23:22,12.01341,0.5155992,1.208257,0.3709051
15-Dec-2021 09:23:37,12.01312,0.5181413,1.208308,0.3708083
15-Dec-2021 09:23:53,12.01393,0.5150471,1.208232,0.3705526
15-Dec-2021 09:24:09,12.01341,0.5170373,1.208182,0.37076
15-Dec-2021 09:24:24,12.01359,0.5155855,1.208383,0.3709466
15-Dec-2021 09:24:40,12.01341,0.5150812,1.208107,0.3711401
15-Dec-2021 09:24:56,12.01341,0.5150266,1.208082,0.3710502
15-Dec-2021 09:25:12,12.01364,0.5145836,1.208257,0.3701795
15-Dec-2021 09:25:27,12.01305,0.516526,1.208157,0.3711816
15-Dec-2021 09:25:43,12.01319,0.5158649,1.208132,0.3712852
15-Dec-2021 09:25:59,12.01364,0.5171872,1.208282,0.3712714
15-Dec-2021 09:26:14,12.01309,0.5357935,1.207931,0.3759845
15-Dec-2021 09:26:30,12.01302,0.5501742,1.207981,0.3758808
15-Dec-2021 09:26:46,12.01314,0.5172417,1.208207,0.3760052
15-Dec-2021 09:27:01,12.01361,0.5162262,1.208157,0.3761711
15-Dec-2021 09:27:17,12.01319,0.5402645,1.208207,0.3759638
15-Dec-2021 09:27:33,12.01324,0.5172554,1.208282,0.3744918
15-Dec-2021 09:27:49,12.01319,0.5158854,1.208333,0.374395
15-Dec-2021 09:28:04,12.01319,0.5176575,1.208032,0.374706
15-Dec-2021 09:28:20,12.01324,0.5397738,1.208282,0.3756528
15-Dec-2021 09:28:36,12.01312,0.5411233,1.208182,0.3759154
15-Dec-2021 09:28:51,12.01312,0.5426226,1.208157,0.3762195
15-Dec-2021 09:29:07,12.01364,0.5374565,1.208282,0.3739804
15-Dec-2021 09:29:23,12.01327,0.5163965,1.208057,0.3751207
15-Dec-2021 09:29:38,12.01346,0.5185162,1.208107,0.3750239
15-Dec-2021 09:29:54,12.01309,0.5415049,1.208333,0.3733999
15-Dec-2021 09:30:10,12.01351,0.5168532,1.208207,0.373545
15-Dec-2021 09:30:26,12.01267,0.5357935,1.208232,0.3739527
15-Dec-2021 09:30:41,12.01398,0.5188365,1.208082,0.3738145
15-Dec-2021 09:30:57,12.01359,0.5180323,1.208082,0.3734137
15-Dec-2021 09:31:13,12.01344,0.5392627,1.208232,0.3763438
15-Dec-2021 09:31:28,12.01354,0.5191705,1.208182,0.3759983
15-Dec-2021 09:31:44,12.01396,0.5194499,1.208684,0.376026
15-Dec-2021 09:32:00,12.01371,0.5624899,1.208282,0.3730198
15-Dec-2021 09:32:15,12.01351,0.5187139,1.208132,0.3729991
15-Dec-2021 09:32:31,12.01305,0.5314998,1.208082,0.3726052
15-Dec-2021 09:32:47,12.0128,0.5349075,1.208082,0.3736487
15-Dec-2021 09:33:03,12.01339,0.5189865,1.207981,0.3743812
15-Dec-2021 09:33:18,12.01309,0.5359298,1.208207,0.3720177
15-Dec-2021 09:33:34,12.01381,0.5235529,1.208634,0.3729991
15-Dec-2021 09:33:50,12.01309,0.5456488,1.208257,0.3128133
15-Dec-2021 09:34:05,12.01337,0.5372998,1.208257,0.3770972
15-Dec-2021 09:34:21,12.013,0.5382335,1.208082,0.3779334
15-Dec-2021 09:34:37,12.01386,0.5425954,1.208057,0.3790805
15-Dec-2021 09:34:53,12.01359,0.5197975,1.208132,0.3795297
15-Dec-2021 09:35:08,12.01337,0.5434337,1.208282,0.3767931
15-Dec-2021 09:35:24,12.01317,0.5384516,1.208182,0.3784655
15-Dec-2021 09:35:40,12.01359,0.5537865,1.208333,0.3768138
15-Dec-2021 09:35:55,12.01314,0.5428407,1.208182,0.3785
15-Dec-2021 09:36:11,12.01322,0.5410006,1.208182,0.3791704
15-Dec-2021 09:36:27,12.01369,0.5366727,1.208333,0.3719625
15-Dec-2021 09:36:42,12.01359,0.5653183,1.208308,0.3734897
15-Dec-2021 09:36:58,12.01329,0.5175961,1.208333,0.3728885
15-Dec-2021 09:37:14,12.01319,0.5204722,1.208282,0.3731511
15-Dec-2021 09:37:30,12.01332,0.5329719,1.208182,0.3729023
15-Dec-2021 09:37:45,12.01332,0.5200497,1.208132,0.3726535
15-Dec-2021 09:38:01,12.01329,0.5196816,1.208282,0.3729714
15-Dec-2021 09:38:17,12.01265,0.5338716,1.208157,0.3729023
15-Dec-2021 09:38:32,12.01309,0.5197294,1.208132,0.3727917
15-Dec-2021 09:38:48,12.01396,0.5188434,1.208282,0.3731303
15-Dec-2021 09:39:04,12.01359,0.5201587,1.208282,0.3732617
15-Dec-2021 09:39:20,12.01393,0.5198043,1.208834,0.3732478
15-Dec-2021 09:39:35,12.01346,0.5397874,1.208207,0.3727917
15-Dec-2021 09:39:51,12.01354,0.5190956,1.208132,0.372073
15-Dec-2021 09:40:07,12.01364,0.5388333,1.208282,0.3741601
15-Dec-2021 09:40:22,12.01369,0.5195999,1.208282,0.3792602
15-Dec-2021 09:40:38,12.01356,0.519225,1.208383,0.37935
15-Dec-2021 09:40:54,12.01309,0.5385198,1.208082,0.4045674
15-Dec-2021 09:41:09,12.01351,0.523696,1.208282,0.3798338
15-Dec-2021 09:41:25,12.01309,0.5362501,1.208358,0.3796265
15-Dec-2021 09:41:41,12.01354,0.5191841,1.208483,0.3780577
15-Dec-2021 09:41:57,12.01339,0.538547,1.208207,0.3775326
15-Dec-2021 09:42:12,12.01317,0.5171599,1.208157,0.3728747
15-Dec-2021 09:42:28,12.01317,0.5185298,1.208257,0.3728816
15-Dec-2021 09:42:44,12.013,0.5291688,1.208132,0.3274434
15-Dec-2021 09:42:59,12.0128,0.5187139,1.208207,0.3703453
15-Dec-2021 09:43:15,12.01277,0.5182232,1.208333,0.3708567
15-Dec-2021 09:43:31,12.01329,0.5160966,1.208182,0.3702486
15-Dec-2021 09:43:46,12.01309,0.5116598,1.208032,0.3552522
15-Dec-2021 09:44:02,12.01329,0.5066844,1.208408,0.3274987
15-Dec-2021 09:44:18,12.01332,0.5053759,1.208308,0.327008
15-Dec-2021 09:44:34,12.01305,0.5050828,1.208333,0.3277751
15-Dec-2021 09:44:49,12.01324,0.5107261,1.208383,0.3279271
15-Dec-2021 09:45:05,12.01388,0.5048238,1.208383,0.3278856
15-Dec-2021 09:45:21,12.01366,0.5068207,1.208383,0.327934
15-Dec-2021 09:45:36,12.0129,0.5057235,1.208182,0.3279547
15-Dec-2021 09:45:52,12.01322,0.5056962,1.208333,0.3281068
15-Dec-2021 09:46:08,12.01359,0.5063573,1.208132,0.3280791
15-Dec-2021 09:46:24,12.01319,0.5126003,1.208182,0.3280308
15-Dec-2021 09:46:39,12.01324,0.5070457,1.208408,0.3278165
15-Dec-2021 09:46:55,12.01305,0.506037,1.208232,0.3279686
15-Dec-2021 09:47:11,12.01275,0.507441,1.208182,0.3279547
15-Dec-2021 09:47:26,12.01364,0.5090494,1.208232,0.3276092
15-Dec-2021 09:47:42,12.01364,0.5068071,1.208333,0.3277543
15-Dec-2021 09:47:58,12.01272,0.5060301,1.208257,0.3278234
15-Dec-2021 09:48:13,12.01341,0.5060029,1.208057,0.3280999
15-Dec-2021 09:48:29,12.01322,0.5043399,1.208157,0.3281552
15-Dec-2021 09:48:45,12.01341,0.5269197,1.208132,0.3280377
15-Dec-2021 09:49:01,12.01351,0.5176779,1.208207,0.3708153
15-Dec-2021 09:49:16,12.01329,0.5147745,1.208308,0.3699307
15-Dec-2021 09:49:32,12.0128,0.5169282,1.208282,0.3707185
15-Dec-2021 09:49:48,12.01309,0.5271583,1.208257,0.3273466
15-Dec-2021 09:50:03,12.01324,0.5156605,1.208333,0.3704144
15-Dec-2021 09:50:19,12.01341,0.5375042,1.208157,0.369903
15-Dec-2021 09:50:35,12.01369,0.5173371,1.208132,0.3702831
15-Dec-2021 09:50:50,12.01364,0.5374701,1.208308,0.3697717
15-Dec-2021 09:51:06,12.01339,0.5165806,1.208232,0.3700551
15-Dec-2021 09:51:22,12.01314,0.517637,1.208282,0.3704006
15-Dec-2021 09:51:38,12.01327,0.5150471,1.208232,0.370373
15-Dec-2021 09:51:53,12.01319,0.5148835,1.208483,0.3701795
15-Dec-2021 09:52:09,12.01354,0.5174939,1.208308,0.3705457
15-Dec-2021 09:52:25,12.01329,0.5174462,1.208282,0.3703039
15-Dec-2021 09:52:40,12.01364,0.5178892,1.208433,0.3703868
15-Dec-2021 09:52:56,12.01317,0.5153742,1.208333,0.3698201
15-Dec-2021 09:53:12,12.01364,0.5163965,1.208232,0.3699652
15-Dec-2021 09:53:27,12.01322,0.5175007,1.208232,0.3704835
15-Dec-2021 09:53:43,12.01302,0.5173507,1.208182,0.3701104
15-Dec-2021 09:53:59,12.01361,0.5380086,1.208232,0.3703246
15-Dec-2021 09:54:15,12.01364,0.5168601,1.208232,0.3704421
15-Dec-2021 09:54:30,12.01346,0.5159468,1.208232,0.3695437
15-Dec-2021 09:54:46,12.01329,0.5156605,1.208232,0.3714373
15-Dec-2021 09:55:02,12.01359,0.5170986,1.208358,0.3712507
15-Dec-2021 09:55:17,12.01309,0.5171054,1.208132,0.371299
15-Dec-2021 09:55:33,12.01322,0.5175416,1.208333,0.3714373
15-Dec-2021 09:55:49,12.01329,0.5374429,1.208282,0.3713889
15-Dec-2021 09:56:05,12.01359,0.5179233,1.208282,0.3714373
15-Dec-2021 09:56:20,12.01364,0.5386697,1.208182,0.371451
15-Dec-2021 09:56:36,12.01305,0.5177188,1.208132,0.3715064
15-Dec-2021 09:56:52,12.01408,0.5183322,1.208433,0.3715478
15-Dec-2021 09:57:07,12.01332,0.5184958,1.208032,0.3715547
15-Dec-2021 09:57:23,12.01361,0.5179505,1.208132,0.3715409
15-Dec-2021 09:57:39,12.01346,0.5156537,1.208107,0.3715962
15-Dec-2021 09:57:54,12.01349,0.5181141,1.208232,0.3715893
15-Dec-2021 09:58:10,12.01307,0.5180187,1.208107,0.3714994
15-Dec-2021 09:58:26,12.01359,0.5157968,1.208408,0.3714442
15-Dec-2021 09:58:42,12.013,0.5152039,1.208082,0.3714373
15-Dec-2021 09:58:57,12.01312,0.5172554,1.208282,0.3714303
15-Dec-2021 09:59:13,12.01314,0.5454988,1.208282,0.3737869
15-Dec-2021 09:59:29,12.01366,0.5182641,1.208358,0.3750999
15-Dec-2021 09:59:44,12.01317,0.5499016,1.208232,0.3750447
15-Dec-2021 10:00:00,12.01309,0.5180528,1.208157,0.3749755
15-Dec-2021 10:00:16,12.01265,0.5182232,1.208182,0.3750377
15-Dec-2021 10:00:31,12.01314,0.5394739,1.208182,0.3747821
15-Dec-2021 10:00:47,12.01324,0.5163352,1.208182,0.3749479
15-Dec-2021 10:01:03,12.01327,0.5172963,1.208157,0.3748926
15-Dec-2021 10:01:19,12.01354,0.5344849,1.208232,0.375017
15-Dec-2021 10:01:34,12.01295,0.5383971,1.208358,0.3749341
15-Dec-2021 10:01:50,12.01317,0.5192728,1.208182,0.3749202
15-Dec-2021 10:02:06,12.01334,0.5161784,1.208132,0.3749686
15-Dec-2021 10:02:21,12.01339,0.5184003,1.208383,0.3749617
15-Dec-2021 10:02:37,12.01319,0.518707,1.208308,0.3749272
15-Dec-2021 10:02:53,12.01314,0.5188297,1.208408,0.3749202
15-Dec-2021 10:03:08,12.01324,0.518816,1.208232,0.3748857
15-Dec-2021 10:03:24,12.01346,0.5182845,1.208157,0.3749686
15-Dec-2021 10:03:40,12.01354,0.5188434,1.208207,0.3749963
15-Dec-2021 10:03:56,12.01322,0.5179846,1.208282,0.3749686
15-Dec-2021 10:04:11,12.01324,0.5164374,1.208383,0.3749341
15-Dec-2021 10:04:27,12.01324,0.5164783,1.208157,0.3748511
15-Dec-2021 10:04:43,12.01334,0.528535,1.208182,0.3326403
15-Dec-2021 10:04:58,12.01314,0.5168055,1.208282,0.3750239
15-Dec-2021 10:05:14,12.01314,0.5186594,1.208232,0.375017
15-Dec-2021 10:05:30,12.01339,0.51701,1.208282,0.3750447
15-Dec-2021 10:05:45,12.01302,0.5292233,1.208082,0.3583413
15-Dec-2021 10:06:01,12.01366,0.5189933,1.208333,0.3750308
15-Dec-2021 10:06:17,12.01354,0.5390513,1.208257,0.3749617
15-Dec-2021 10:06:33,12.01364,0.5183731,1.208182,0.3750308
15-Dec-2021 10:06:48,12.01361,0.5298572,1.208157,0.3328752
15-Dec-2021 10:07:04,12.01356,0.5189456,1.208182,0.3750377
15-Dec-2021 10:07:20,12.01312,0.5385198,1.208082,0.3749548
15-Dec-2021 10:07:35,12.01369,0.5178142,1.208207,0.3749755
15-Dec-2021 10:07:51,12.01317,0.5160149,1.208182,0.3750032
15-Dec-2021 10:08:07,12.01285,0.5417094,1.208232,0.3900963
15-Dec-2021 10:08:22,12.01324,0.5383698,1.208282,0.3901377
15-Dec-2021 10:08:38,12.01364,0.5167918,1.208333,0.3901377
15-Dec-2021 10:08:54,12.01359,0.5185775,1.208182,0.3899304
15-Dec-2021 10:09:10,12.01329,0.5160149,1.208232,0.3901792
15-Dec-2021 10:09:25,12.01322,0.5165192,1.208107,0.3901377
15-Dec-2021 10:09:41,12.01334,0.540469,1.208182,0.3901239
15-Dec-2021 10:09:57,12.01356,0.5201996,1.208032,0.3902138
15-Dec-2021 10:10:12,12.01329,0.5186525,1.208157,0.3901999
15-Dec-2021 10:10:28,12.01329,0.5186594,1.208333,0.3902207
15-Dec-2021 10:10:44,12.01339,0.5179778,1.208282,0.390041
15-Dec-2021 10:10:59,12.01292,0.5191841,1.208308,0.3904902
15-Dec-2021 10:11:15,12.01324,0.5386015,1.208308,0.3913264
15-Dec-2021 10:11:31,12.01354,0.5197703,1.208157,0.3899995
15-Dec-2021 10:11:47,12.01309,0.5421592,1.208333,0.3898821
15-Dec-2021 10:12:02,12.01339,0.5192863,1.208132,0.3899995
15-Dec-2021 10:12:18,12.01359,0.5431406,1.208207,0.3904073
15-Dec-2021 10:12:34,12.01285,0.542868,1.208132,0.3904142
15-Dec-2021 10:12:49,12.01346,0.5427589,1.208207,0.390352
15-Dec-2021 10:13:05,12.01359,0.5244934,1.208383,0.3902345
15-Dec-2021 10:13:21,12.01393,0.5199815,1.208257,0.3899857
15-Dec-2021 10:13:37,12.01354,0.5191092,1.208333,0.3902898
15-Dec-2021 10:13:52,12.01324,0.5377905,1.208157,0.3901101
15-Dec-2021 10:14:08,12.0143,0.5195113,1.20901,0.3905178
15-Dec-2021 10:14:24,12.01324,0.5449536,1.208333,0.3745194
15-Dec-2021 10:14:39,12.01339,0.5193204,1.208333,0.3780439
15-Dec-2021 10:14:55,12.01314,0.5164988,1.207981,0.3779334
15-Dec-2021 10:15:11,12.01329,0.5389287,1.208232,0.3778504
15-Dec-2021 10:15:26,12.01391,0.519818,1.208232,0.3908979
15-Dec-2021 10:15:42,12.01361,0.5187003,1.208107,0.3908427
15-Dec-2021 10:15:58,12.01334,0.5186457,1.208383,0.3907113
15-Dec-2021 10:16:13,12.01327,0.5162807,1.208282,0.3908219
15-Dec-2021 10:16:29,12.01401,0.5163557,1.208082,0.3909117
15-Dec-2021 10:16:45,12.01332,0.5182845,1.208282,0.3909049
15-Dec-2021 10:17:01,12.01366,0.5181891,1.208408,0.390891
15-Dec-2021 10:17:16,12.01334,0.518305,1.208408,0.3905109
15-Dec-2021 10:17:32,12.01297,0.5157627,1.208207,0.3907113
15-Dec-2021 10:17:48,12.0129,0.5184685,1.208383,0.3907183
15-Dec-2021 10:18:03,12.01334,0.5419548,1.208232,0.3775602
15-Dec-2021 10:18:19,12.01356,0.5161035,1.208132,0.3776707
15-Dec-2021 10:18:35,12.01364,0.5174257,1.208408,0.3777537
15-Dec-2021 10:18:51,12.01329,0.5179233,1.208282,0.3778228
15-Dec-2021 10:19:06,12.01349,0.5182436,1.208132,0.3778297
15-Dec-2021 10:19:22,12.01373,0.5162671,1.208408,0.3779126
15-Dec-2021 10:19:38,12.01339,0.5179233,1.208308,0.3778642
15-Dec-2021 10:19:53,12.01391,0.5179574,1.208809,0.3773874
15-Dec-2021 10:20:09,12.01319,0.5164102,1.208082,0.3771179
15-Dec-2021 10:20:25,12.01324,0.5163147,1.208333,0.3771455
15-Dec-2021 10:20:40,12.01361,0.5171531,1.208308,0.3770833
15-Dec-2021 10:20:56,12.01307,0.5180528,1.208207,0.3757288
15-Dec-2021 10:21:12,12.01329,0.5160625,1.208458,0.3756666
15-Dec-2021 10:21:28,12.01324,0.5187207,1.208207,0.375791
15-Dec-2021 10:21:43,12.01354,0.5165192,1.208082,0.376026
15-Dec-2021 10:21:59,12.01334,0.5163147,1.208232,0.3769244
15-Dec-2021 10:22:15,12.01406,0.5180595,1.208157,0.3768
15-Dec-2021 10:22:30,12.01314,0.5170645,1.208257,0.376406
15-Dec-2021 10:22:46,12.01334,0.5208266,1.208232,0.35821
15-Dec-2021 10:23:02,12.01285,0.5187547,1.208232,0.3750585
15-Dec-2021 10:23:18,12.01327,0.5383834,1.208282,0.37463
15-Dec-2021 10:23:33,12.01334,0.5186594,1.208333,0.3749341
15-Dec-2021 10:23:49,12.01285,0.5281329,1.208257,0.3323776
15-Dec-2021 10:24:05,12.01327,0.5190819,1.208282,0.3747959
15-Dec-2021 10:24:20,12.01334,0.538806,1.208182,0.3747682
15-Dec-2021 10:24:36,12.01344,0.5172281,1.208257,0.3741048
15-Dec-2021 10:24:52,12.01319,0.5384312,1.208132,0.3746577
15-Dec-2021 10:25:07,12.01332,0.5191569,1.208433,0.3740633
15-Dec-2021 10:25:23,12.01327,0.5190206,1.208107,0.3754178
15-Dec-2021 10:25:39,12.01322,0.5385334,1.208207,0.3753556
15-Dec-2021 10:25:54,12.01305,0.5385334,1.208157,0.3751137
15-Dec-2021 10:26:10,12.01285,0.5164919,1.208232,0.375328
15-Dec-2021 10:26:26,12.01302,0.5189456,1.208232,0.3750308
15-Dec-2021 10:26:42,12.01364,0.5393104,1.208433,0.3750239
15-Dec-2021 10:26:57,12.01371,0.516601,1.208282,0.3742568
15-Dec-2021 10:27:13,12.01334,0.5185094,1.208282,0.3752658
15-Dec-2021 10:27:29,12.01376,0.5190751,1.208408,0.3752451
15-Dec-2021 10:27:44,12.01307,0.5287258,1.208182,0.3322878
15-Dec-2021 10:28:00,12.01349,0.5164783,1.208333,0.375252
15-Dec-2021 10:28:16,12.01351,0.5161989,1.208358,0.3752312
15-Dec-2021 10:28:32,12.01297,0.5161921,1.208232,0.375169
15-Dec-2021 10:28:47,12.01334,0.5289643,1.208157,0.331963
15-Dec-2021 10:29:03,12.01317,0.5188434,1.208232,0.375093
15-Dec-2021 10:29:19,12.01324,0.5390786,1.208383,0.3750585
15-Dec-2021 10:29:34,12.01295,0.5189524,1.208207,0.3746093
15-Dec-2021 10:29:50,12.01371,0.5399101,1.208232,0.3753211
15-Dec-2021 10:30:06,12.01337,0.5190819,1.208257,0.3754455
15-Dec-2021 10:30:21,12.01369,0.5389423,1.208308,0.3747129
15-Dec-2021 10:30:37,12.01324,0.5389968,1.208483,0.3747959
15-Dec-2021 10:30:53,12.01408,0.5388741,1.208282,0.3749341
#Agilent Technologies,E3648A,0,1.7-5.0-1.0
#LIMITS: 12.0, 1.2 CURRENTS: 1.0, 0.6
15-Dec-2021 10:31:01,12.01401,0.5176507,1.208383,0.3740772
15-Dec-2021 10:31:09,12.01406,0.5166555,1.208232,0.3747406
15-Dec-2021 10:31:17,12.01413,0.5380018,1.208358,0.3746991
15-Dec-2021 10:31:24,12.01403,0.5189865,1.208182,0.374395
15-Dec-2021 10:31:40,12.01309,0.5392149,1.208157,0.3737454
15-Dec-2021 10:31:56,12.01376,0.5184958,1.208182,0.3748857
15-Dec-2021 10:32:11,12.01327,0.518966,1.208057,0.3735934
15-Dec-2021 10:32:27,12.01329,0.5192182,1.208132,0.3747821
15-Dec-2021 10:32:43,12.01329,0.5190819,1.208282,0.3745471
15-Dec-2021 10:32:58,12.01319,0.5173099,1.208282,0.3744089
15-Dec-2021 10:33:14,12.01324,0.5188365,1.208282,0.3752934
15-Dec-2021 10:33:30,12.01339,0.5166692,1.208232,0.3750723
15-Dec-2021 10:33:46,12.01319,0.5187684,1.208282,0.3747129
15-Dec-2021 10:34:01,12.01314,0.516751,1.208308,0.3744918
15-Dec-2021 10:34:17,12.01319,0.5161512,1.208207,0.3749894
15-Dec-2021 10:34:33,12.01415,0.5181141,1.208257,0.3749755
15-Dec-2021 10:34:48,12.01319,0.5169418,1.208182,0.3748028
15-Dec-2021 10:35:04,12.01351,0.516158,1.208383,0.3747613
15-Dec-2021 10:35:20,12.01369,0.5156196,1.208257,0.3757357
15-Dec-2021 10:35:36,12.01349,0.5184685,1.208458,0.3754662
15-Dec-2021 10:35:51,12.01324,0.515456,1.208282,0.3755146
15-Dec-2021 10:36:07,12.01324,0.515974,1.208433,0.3754869
15-Dec-2021 10:36:23,12.01327,0.5168123,1.208383,0.3747199
15-Dec-2021 10:36:38,12.01359,0.5155378,1.208182,0.375169
15-Dec-2021 10:36:54,12.01356,0.5161853,1.208308,0.3752312
15-Dec-2021 10:37:10,12.01329,0.5176029,1.208182,0.3749755
15-Dec-2021 10:37:25,12.01369,0.5184548,1.208433,0.3756113
15-Dec-2021 10:37:41,12.01322,0.5176438,1.208333,0.3757841
15-Dec-2021 10:37:57,12.01373,0.5162193,1.208308,0.3758463
15-Dec-2021 10:38:12,12.01327,0.5176983,1.208483,0.3758394
15-Dec-2021 10:38:28,12.01329,0.5179233,1.208232,0.375791
15-Dec-2021 10:38:44,12.01356,0.5182709,1.208207,0.3757979
15-Dec-2021 10:39:00,12.01275,0.5163693,1.208308,0.3758049
15-Dec-2021 10:39:15,12.0128,0.5161239,1.208408,0.3758255
15-Dec-2021 10:39:31,12.01334,0.5247252,1.208308,0.3758601
15-Dec-2021 10:39:47,12.01327,0.5191023,1.208207,0.3758255
15-Dec-2021 10:40:02,12.01309,0.5171054,1.208232,0.375791
15-Dec-2021 10:40:18,12.01349,0.5179505,1.208207,0.3758255
15-Dec-2021 10:40:34,12.01287,0.5189797,1.208257,0.3758117
15-Dec-2021 10:40:50,12.01324,0.5191773,1.208383,0.3758739
15-Dec-2021 10:41:05,12.01364,0.5183458,1.208308,0.3758739
15-Dec-2021 10:41:21,12.01327,0.5179914,1.208282,0.3758601
15-Dec-2021 10:41:37,12.01408,0.5180459,1.208333,0.3758878
15-Dec-2021 10:41:52,12.01364,0.5163147,1.208232,0.3759154
15-Dec-2021 10:42:08,12.01423,0.5182232,1.208207,0.3758878
15-Dec-2021 10:42:24,12.01287,0.5190274,1.208282,0.3758739
15-Dec-2021 10:42:39,12.01324,0.5179914,1.208257,0.3758739
15-Dec-2021 10:42:55,12.01373,0.5175552,1.208232,0.3759154
15-Dec-2021 10:43:11,12.01364,0.5167646,1.208433,0.3759016
15-Dec-2021 10:43:27,12.01324,0.5166283,1.208333,0.3758601
15-Dec-2021 10:43:42,12.01341,0.5263131,1.208358,0.375867
15-Dec-2021 10:43:58,12.01329,0.5161512,1.208333,0.3759016
15-Dec-2021 10:44:14,12.01359,0.515347,1.208458,0.3759223
15-Dec-2021 10:44:29,12.01334,0.5167646,1.208433,0.3759707
15-Dec-2021 10:44:45,12.01364,0.5180255,1.208333,0.3759154
15-Dec-2021 10:45:01,12.01287,0.5155923,1.208282,0.3759016
15-Dec-2021 10:45:17,12.01287,0.5221693,1.208107,0.3758947
15-Dec-2021 10:45:32,12.01364,0.5178551,1.208132,0.3758463
15-Dec-2021 10:45:48,12.01319,0.5279557,1.208257,0.3332207
15-Dec-2021 10:46:04,12.01334,0.5175825,1.208282,0.3758601
15-Dec-2021 10:46:19,12.01378,0.5386015,1.208383,0.375791
15-Dec-2021 10:46:35,12.01267,0.5188501,1.208107,0.3758325
15-Dec-2021 10:46:51,12.01324,0.5403463,1.208232,0.3757703
15-Dec-2021 10:47:06,12.01322,0.5189865,1.208383,0.3758463
15-Dec-2021 10:47:22,12.01369,0.519743,1.208157,0.3758186
15-Dec-2021 10:47:38,12.01314,0.5171872,1.208132,0.3758463
15-Dec-2021 10:47:54,12.01332,0.5170782,1.208282,0.3758739
15-Dec-2021 10:48:09,12.01319,0.5194499,1.208132,0.3758394
15-Dec-2021 10:48:25,12.01334,0.5195862,1.208282,0.3758049
15-Dec-2021 10:48:41,12.01324,0.5189592,1.208132,0.3758739
15-Dec-2021 10:48:56,12.01317,0.5186048,1.208132,0.3758601
15-Dec-2021 10:49:12,12.01314,0.5184958,1.208232,0.3758186
15-Dec-2021 10:49:28,12.01332,0.5167373,1.208308,0.3758878
15-Dec-2021 10:49:44,12.01369,0.5188775,1.208282,0.3758394
15-Dec-2021 10:49:59,12.01324,0.5186594,1.208358,0.3758739
15-Dec-2021 10:50:15,12.01319,0.5162739,1.208132,0.3758186
15-Dec-2021 10:50:31,12.01366,0.5173985,1.208358,0.3758532
15-Dec-2021 10:50:46,12.013,0.5187547,1.208333,0.3758878
15-Dec-2021 10:51:02,12.01337,0.5188842,1.208232,0.3758463
15-Dec-2021 10:51:18,12.01344,0.5184003,1.208232,0.3758463
15-Dec-2021 10:51:33,12.01329,0.5169554,1.208333,0.3759154
15-Dec-2021 10:51:49,12.01329,0.5284873,1.208232,0.3748926
15-Dec-2021 10:52:05,12.01317,0.5193477,1.208308,0.3758394
15-Dec-2021 10:52:21,12.0128,0.5393512,1.208182,0.3757219
15-Dec-2021 10:52:36,12.01329,0.5392967,1.208157,0.3756943
15-Dec-2021 10:52:52,12.01292,0.5394671,1.208132,0.3756873
15-Dec-2021 10:53:08,12.01319,0.5193818,1.208132,0.3757634
15-Dec-2021 10:53:23,12.01329,0.540503,1.208182,0.375639
15-Dec-2021 10:53:39,12.01356,0.5417026,1.208232,0.3756252
15-Dec-2021 10:53:55,12.01359,0.5409937,1.208232,0.3756943
15-Dec-2021 10:54:11,12.01319,0.5189797,1.208157,0.3757427
15-Dec-2021 10:54:26,12.01364,0.5199815,1.208232,0.3757495
15-Dec-2021 10:54:42,12.01324,0.5197225,1.208232,0.3757634
15-Dec-2021 10:54:58,12.01319,0.5202405,1.208157,0.3757841
15-Dec-2021 10:55:13,12.013,0.5167646,1.208207,0.375791
15-Dec-2021 10:55:29,12.01324,0.518523,1.208282,0.375791
15-Dec-2021 10:55:45,12.01378,0.5188638,1.208282,0.3757772
15-Dec-2021 10:56:00,12.01354,0.5360798,1.208333,0.375715
15-Dec-2021 10:56:16,12.01346,0.5173303,1.208157,0.3757979
15-Dec-2021 10:56:32,12.01285,0.5167918,1.208182,0.3757634
15-Dec-2021 10:56:48,12.01378,0.5167918,1.208333,0.3757841
15-Dec-2021 10:57:03,12.01332,0.5183186,1.208232,0.3758325
15-Dec-2021 10:57:19,12.01361,0.51915,1.208182,0.3757772
15-Dec-2021 10:57:35,12.01319,0.516158,1.208157,0.3757841
15-Dec-2021 10:57:50,12.01359,0.5163829,1.208282,0.3758117
15-Dec-2021 10:58:06,12.01305,0.5177869,1.208257,0.3758739
15-Dec-2021 10:58:22,12.01376,0.5184412,1.208308,0.3757979
15-Dec-2021 10:58:37,12.01282,0.5185026,1.208408,0.3758255
15-Dec-2021 10:58:53,12.01332,0.5240368,1.208282,0.3757979
15-Dec-2021 10:59:09,12.01327,0.518857,1.208232,0.3757703
15-Dec-2021 10:59:25,12.01349,0.5180528,1.208132,0.3757772
15-Dec-2021 10:59:40,12.01361,0.5183117,1.208207,0.3757703
15-Dec-2021 10:59:56,12.01339,0.5162262,1.208232,0.3758255
15-Dec-2021 11:00:12,12.01359,0.5180187,1.208308,0.3757772
15-Dec-2021 11:00:27,12.01322,0.5181686,1.208207,0.3757979
15-Dec-2021 11:00:43,12.01317,0.5410483,1.208082,0.3757081
15-Dec-2021 11:00:59,12.01334,0.5181959,1.208558,0.3758117
15-Dec-2021 11:01:15,12.01378,0.5182095,1.208433,0.3758049
15-Dec-2021 11:01:30,12.01317,0.5154628,1.208282,0.3758325
15-Dec-2021 11:01:46,12.01319,0.5154151,1.208132,0.3757081
15-Dec-2021 11:02:02,12.01324,0.5154969,1.208082,0.3757772
15-Dec-2021 11:02:17,12.01337,0.5180664,1.208207,0.3758255
15-Dec-2021 11:02:33,12.01277,0.5381927,1.208182,0.3757081
15-Dec-2021 11:02:49,12.013,0.5184276,1.208257,0.3758255
15-Dec-2021 11:03:05,12.01339,0.5180323,1.208232,0.3758463
15-Dec-2021 11:03:20,12.01319,0.5203632,1.208157,0.4011604
15-Dec-2021 11:03:36,12.01376,0.5185775,1.208182,0.3757772
15-Dec-2021 11:03:52,12.01344,0.5162739,1.208282,0.3758325
15-Dec-2021 11:04:07,12.01322,0.518414,1.208082,0.3757979
15-Dec-2021 11:04:23,12.01319,0.5159058,1.208132,0.375791
15-Dec-2021 11:04:39,12.01373,0.5182504,1.208182,0.3758049
15-Dec-2021 11:04:54,12.01334,0.5189388,1.208383,0.3758186
15-Dec-2021 11:05:10,12.01297,0.5189115,1.208308,0.3757979
15-Dec-2021 11:05:26,12.01319,0.5161512,1.208182,0.3758049
15-Dec-2021 11:05:42,12.01334,0.5188775,1.208333,0.3758463
15-Dec-2021 11:05:57,12.0128,0.5172689,1.208132,0.3757772
15-Dec-2021 11:06:13,12.01339,0.5189456,1.208282,0.3758463
15-Dec-2021 11:06:29,12.01376,0.5187956,1.208157,0.3757841
15-Dec-2021 11:06:44,12.01319,0.5165874,1.208132,0.3758394
15-Dec-2021 11:07:00,12.01334,0.516233,1.208207,0.375867
