2021-12-15 17:11:00.611000 INFO  PULSE IS COMING:
2021-12-15 17:11:10.622000 INFO  CHECK I2C STATUS:
2021-12-15 17:11:10.623000 INFO     Took 0.0 seconds
2021-12-15 17:11:12.625000 INFO  WRITE I2C DEFAULTS:
2021-12-15 17:11:38.298000 INFO     Took 25.67 seconds
2021-12-15 17:12:00.323000 INFO  PULSE IS COMING:
2021-12-15 17:12:10.334000 INFO  CHECK I2C STATUS:
2021-12-15 17:12:16.962000 INFO  RW Matches
2021-12-15 17:12:22.344000 INFO  RO Matches
2021-12-15 17:12:22.345000 INFO     Took 12.01 seconds
2021-12-15 17:12:24.353000 INFO  WRITE I2C DEFAULTS:
2021-12-15 17:12:49.986000 INFO     Took 25.63 seconds
2021-12-15 17:13:11.009000 INFO  CHECK I2C STATUS:
2021-12-15 17:13:17.604000 INFO  RW Matches
2021-12-15 17:13:23.014000 INFO  RO Matches
2021-12-15 17:13:23.016000 INFO     Took 12.01 seconds
2021-12-15 17:13:25.024000 INFO  WRITE I2C DEFAULTS:
2021-12-15 17:13:50.656000 INFO     Took 25.63 seconds
2021-12-15 17:14:00.668000 INFO  PULSE IS COMING:
2021-12-15 17:14:10.679000 INFO  CHECK I2C STATUS:
2021-12-15 17:14:17.272000 INFO  RW Matches
2021-12-15 17:14:22.709000 INFO  RO Matches
2021-12-15 17:14:22.710000 INFO     Took 12.03 seconds
2021-12-15 17:14:24.718000 INFO  WRITE I2C DEFAULTS:
2021-12-15 17:14:50.382000 INFO     Took 25.66 seconds
2021-12-15 17:15:00.393000 INFO  PULSE IS COMING:
2021-12-15 17:15:10.405000 INFO  CHECK I2C STATUS:
2021-12-15 17:15:17.018000 INFO  RW Matches
2021-12-15 17:15:22.398000 INFO  RO Matches
2021-12-15 17:15:22.399000 INFO     Took 11.99 seconds
2021-12-15 17:15:24.402000 INFO  WRITE I2C DEFAULTS:
2021-12-15 17:15:50.128000 INFO     Took 25.73 seconds
2021-12-15 17:16:00.140000 INFO  PULSE IS COMING:
2021-12-15 17:16:10.152000 INFO  CHECK I2C STATUS:
2021-12-15 17:16:16.757000 INFO  RW Matches
2021-12-15 17:16:22.151000 INFO  RO Matches
2021-12-15 17:16:22.153000 INFO     Took 12.0 seconds
2021-12-15 17:16:24.160000 INFO  WRITE I2C DEFAULTS:
2021-12-15 17:16:49.806000 INFO     Took 25.65 seconds
2021-12-15 17:17:00.820000 INFO  PULSE IS COMING:
2021-12-15 17:17:10.832000 INFO  CHECK I2C STATUS:
2021-12-15 17:17:17.460000 INFO  RW Matches
2021-12-15 17:17:22.851000 INFO  RO Matches
2021-12-15 17:17:22.852000 INFO     Took 12.02 seconds
2021-12-15 17:17:24.855000 INFO  WRITE I2C DEFAULTS:
2021-12-15 17:17:50.546000 INFO     Took 25.69 seconds
2021-12-15 17:18:00.557000 INFO  PULSE IS COMING:
2021-12-15 17:18:10.568000 INFO  CHECK I2C STATUS:
2021-12-15 17:18:17.163000 INFO  RW Matches
2021-12-15 17:18:22.600000 INFO  RO Matches
2021-12-15 17:18:22.601000 INFO     Took 12.03 seconds
2021-12-15 17:18:24.609000 INFO  WRITE I2C DEFAULTS:
