2021-12-15 17:02:00.544000 INFO  PULSE IS COMING:
2021-12-15 17:02:10.555000 INFO  CHECK I2C STATUS:
2021-12-15 17:02:10.556000 INFO     Took 0.0 seconds
2021-12-15 17:02:12.559000 INFO  WRITE I2C DEFAULTS:
2021-12-15 17:05:00.675000 INFO  PULSE IS COMING:
2021-12-15 17:05:10.686000 INFO  CHECK I2C STATUS:
2021-12-15 17:05:10.687000 INFO     Took 0.0 seconds
2021-12-15 17:05:12.690000 INFO  WRITE I2C DEFAULTS:
2021-12-15 17:05:38.497000 INFO     Took 25.81 seconds
2021-12-15 17:06:00.520000 INFO  PULSE IS COMING:
2021-12-15 17:06:10.532000 INFO  CHECK I2C STATUS:
2021-12-15 17:06:17.164000 INFO  RW Matches
2021-12-15 17:06:22.565000 INFO  RO Matches
2021-12-15 17:06:22.567000 INFO     Took 12.04 seconds
2021-12-15 17:06:24.574000 INFO  WRITE I2C DEFAULTS:
2021-12-15 17:06:50.308000 INFO     Took 25.73 seconds
2021-12-15 17:07:00.320000 INFO  PULSE IS COMING:
2021-12-15 17:07:10.331000 INFO  CHECK I2C STATUS:
2021-12-15 17:07:16.933000 INFO  RW Matches
2021-12-15 17:07:22.361000 INFO  RO Matches
2021-12-15 17:07:22.363000 INFO     Took 12.03 seconds
2021-12-15 17:07:24.370000 INFO  WRITE I2C DEFAULTS:
2021-12-15 17:07:50.119000 INFO     Took 25.75 seconds
2021-12-15 17:08:00.131000 INFO  PULSE IS COMING:
2021-12-15 17:08:10.143000 INFO  CHECK I2C STATUS:
2021-12-15 17:08:16.747000 INFO  RW Matches
2021-12-15 17:08:22.171000 INFO  RO Matches
2021-12-15 17:08:22.173000 INFO     Took 12.03 seconds
2021-12-15 17:08:24.181000 INFO  WRITE I2C DEFAULTS:
2021-12-15 17:08:49.961000 INFO     Took 25.78 seconds
2021-12-15 17:09:10.983000 INFO  CHECK I2C STATUS:
2021-12-15 17:09:17.591000 INFO  RW Matches
2021-12-15 17:09:22.993000 INFO  RO Matches
2021-12-15 17:09:22.994000 INFO     Took 12.01 seconds
2021-12-15 17:09:25.002000 INFO  WRITE I2C DEFAULTS:
2021-12-15 17:09:50.738000 INFO     Took 25.74 seconds
2021-12-15 17:10:00.749000 INFO  PULSE IS COMING:
2021-12-15 17:10:10.760000 INFO  CHECK I2C STATUS:
2021-12-15 17:10:17.395000 INFO  RW Matches
2021-12-15 17:10:22.800000 INFO  RO Matches
2021-12-15 17:10:22.801000 INFO     Took 12.04 seconds
